<?xml version="1.0" encoding="UTF-8"?>
<testsuite xmlns:xsi="http://www.w3.org/2001/XMLSchema-instance" xsi:noNamespaceSchemaLocation="https://maven.apache.org/surefire/maven-surefire-plugin/xsd/surefire-test-report.xsd" version="3.0.2" name="com.example.web_monitor.WebMonitorApplicationTests" time="35.449" tests="1" errors="0" skipped="0" failures="0">
  <properties>
[...]
</properties>
  <testcase name="contextLoads" classname="com.example.web_monitor.WebMonitorApplicationTests" time="0.078">
    <system-out><![CDATA[15:29:29.934 [main] INFO org.springframework.test.context.support.AnnotationConfigContextLoaderUtils -- Could not detect default configuration classes for test class [com.example.web_monitor.WebMonitorApplicationTests]: WebMonitorApplicationTests does not declare any static, non-private, non-final, nested classes annotated with @Configuration.
15:29:30.421 [main] INFO org.springframework.boot.test.context.SpringBootTestContextBootstrapper -- Found @SpringBootConfiguration com.example.web_monitor.WebMonitorApplication for test class com.example.web_monitor.WebMonitorApplicationTests
15:29:30.950 [main] INFO org.springframework.boot.devtools.restart.RestartApplicationListener -- Restart disabled due to context in which it is running

  .   ____          _            __ _ _
 /\\ / ___'_ __ _ _(_)_ __  __ _ \ \ \ \
( ( )\___ | '_ | '_| | '_ \/ _` | \ \ \ \
 \\/  ___)| |_)| | | | | || (_| |  ) ) ) )
  '  |____| .__|_| |_|_| |_\__, | / / / /
 =========|_|==============|___/=/_/_/_/

 :: Spring Boot ::                (v3.5.7)

&amp#27;[37m2026-06-03 15:29:31.958&amp#27;[0;39m |Service=&amp#27;[36m&amp#27;[0;39m|&amp#27;[34mINFO &amp#27;[0;39m| &amp#27;[36mc.e.w.WebMonitorApplicationTests:53&amp#27;[0;39m | ReqId=&amp#27;[35m&amp#27;[0;39m| &amp#27;[33mStarting WebMonitorApplicationTests using Java 21.0.8 with PID 556 (started by cuong.maingoc in F:\msp\web-monitor)
&amp#27;[0;39m&amp#27;[37m2026-06-03 15:29:31.960&amp#27;[0;39m |Service=&amp#27;[36m&amp#27;[0;39m|&amp#27;[34mINFO &amp#27;[0;39m| &amp#27;[36mc.e.w.WebMonitorApplicationTests:652&amp#27;[0;39m | ReqId=&amp#27;[35m&amp#27;[0;39m| &amp#27;[33mNo active profile set, falling back to 1 default profile: "default"
&amp#27;[0;39m&amp#27;[37m2026-06-03 15:29:34.781&amp#27;[0;39m |Service=&amp#27;[36m&amp#27;[0;39m|&amp#27;[34mINFO &amp#27;[0;39m| &amp#27;[36mo.s.d.r.c.RepositoryConfigurationDelegate:294&amp#27;[0;39m | ReqId=&amp#27;[35m&amp#27;[0;39m| &amp#27;[33mMultiple Spring Data modules found, entering strict repository configuration mode
&amp#27;[0;39m&amp#27;[37m2026-06-03 15:29:34.783&amp#27;[0;39m |Service=&amp#27;[36m&amp#27;[0;39m|&amp#27;[34mINFO &amp#27;[0;39m| &amp#27;[36mo.s.d.r.c.RepositoryConfigurationDelegate:145&amp#27;[0;39m | ReqId=&amp#27;[35m&amp#27;[0;39m| &amp#27;[33mBootstrapping Spring Data JPA repositories in DEFAULT mode.
&amp#27;[0;39m&amp#27;[37m2026-06-03 15:29:35.170&amp#27;[0;39m |Service=&amp#27;[36m&amp#27;[0;39m|&amp#27;[34mINFO &amp#27;[0;39m| &amp#27;[36mo.s.d.r.c.RepositoryConfigurationDelegate:213&amp#27;[0;39m | ReqId=&amp#27;[35m&amp#27;[0;39m| &amp#27;[33mFinished Spring Data repository scanning in 372 ms. Found 21 JPA repository interfaces.
&amp#27;[0;39m&amp#27;[37m2026-06-03 15:29:35.226&amp#27;[0;39m |Service=&amp#27;[36m&amp#27;[0;39m|&amp#27;[34mINFO &amp#27;[0;39m| &amp#27;[36mo.s.d.r.c.RepositoryConfigurationDelegate:294&amp#27;[0;39m | ReqId=&amp#27;[35m&amp#27;[0;39m| &amp#27;[33mMultiple Spring Data modules found, entering strict repository configuration mode
&amp#27;[0;39m&amp#27;[37m2026-06-03 15:29:35.228&amp#27;[0;39m |Service=&amp#27;[36m&amp#27;[0;39m|&amp#27;[34mINFO &amp#27;[0;39m| &amp#27;[36mo.s.d.r.c.RepositoryConfigurationDelegate:145&amp#27;[0;39m | ReqId=&amp#27;[35m&amp#27;[0;39m| &amp#27;[33mBootstrapping Spring Data Redis repositories in DEFAULT mode.
&amp#27;[0;39m&amp#27;[37m2026-06-03 15:29:35.265&amp#27;[0;39m |Service=&amp#27;[36m&amp#27;[0;39m|&amp#27;[34mINFO &amp#27;[0;39m| &amp#27;[36mo.s.d.r.c.RepositoryConfigurationExtensionSupport:327&amp#27;[0;39m | ReqId=&amp#27;[35m&amp#27;[0;39m| &amp#27;[33mSpring Data Redis - Could not safely identify store assignment for repository candidate interface com.example.web_monitor.repository.AckNakRepository; If you want this repository to be a Redis repository, consider annotating your entities with one of these annotations: org.springframework.data.redis.core.RedisHash (preferred), or consider extending one of the following types with your repository: org.springframework.data.keyvalue.repository.KeyValueRepository
&amp#27;[0;39m&amp#27;[37m2026-06-03 15:29:35.268&amp#27;[0;39m |Service=&amp#27;[36m&amp#27;[0;39m|&amp#27;[34mINFO &amp#27;[0;39m| &amp#27;[36mo.s.d.r.c.RepositoryConfigurationExtensionSupport:327&amp#27;[0;39m | ReqId=&amp#27;[35m&amp#27;[0;39m| &amp#27;[33mSpring Data Redis - Could not safely identify store assignment for repository candidate interface com.example.web_monitor.repository.ActionRepository; If you want this repository to be a Redis repository, consider annotating your entities with one of these annotations: org.springframework.data.redis.core.RedisHash (preferred), or consider extending one of the following types with your repository: org.springframework.data.keyvalue.repository.KeyValueRepository
&amp#27;[0;39m&amp#27;[37m2026-06-03 15:29:35.271&amp#27;[0;39m |Service=&amp#27;[36m&amp#27;[0;39m|&amp#27;[34mINFO &amp#27;[0;39m| &amp#27;[36mo.s.d.r.c.RepositoryConfigurationExtensionSupport:327&amp#27;[0;39m | ReqId=&amp#27;[35m&amp#27;[0;39m| &amp#27;[33mSpring Data Redis - Could not safely identify store assignment for repository candidate interface com.example.web_monitor.repository.DefschemaRepository; If you want this repository to be a Redis repository, consider annotating your entities with one of these annotations: org.springframework.data.redis.core.RedisHash (preferred), or consider extending one of the following types with your repository: org.springframework.data.keyvalue.repository.KeyValueRepository
&amp#27;[0;39m&amp#27;[37m2026-06-03 15:29:35.272&amp#27;[0;39m |Service=&amp#27;[36m&amp#27;[0;39m|&amp#27;[34mINFO &amp#27;[0;39m| &amp#27;[36mo.s.d.r.c.RepositoryConfigurationExtensionSupport:327&amp#27;[0;39m | ReqId=&amp#27;[35m&amp#27;[0;39m| &amp#27;[33mSpring Data Redis - Could not safely identify store assignment for repository candidate interface com.example.web_monitor.repository.MenuRepository; If you want this repository to be a Redis repository, consider annotating your entities with one of these annotations: org.springframework.data.redis.core.RedisHash (preferred), or consider extending one of the following types with your repository: org.springframework.data.keyvalue.repository.KeyValueRepository
&amp#27;[0;39m&amp#27;[37m2026-06-03 15:29:35.273&amp#27;[0;39m |Service=&amp#27;[36m&amp#27;[0;39m|&amp#27;[34mINFO &amp#27;[0;39m| &amp#27;[36mo.s.d.r.c.RepositoryConfigurationExtensionSupport:327&amp#27;[0;39m | ReqId=&amp#27;[35m&amp#27;[0;39m| &amp#27;[33mSpring Data Redis - Could not safely identify store assignment for repository candidate interface com.example.web_monitor.repository.MessageHistRepository; If you want this repository to be a Redis repository, consider annotating your entities with one of these annotations: org.springframework.data.redis.core.RedisHash (preferred), or consider extending one of the following types with your repository: org.springframework.data.keyvalue.repository.KeyValueRepository
&amp#27;[0;39m&amp#27;[37m2026-06-03 15:29:35.273&amp#27;[0;39m |Service=&amp#27;[36m&amp#27;[0;39m|&amp#27;[34mINFO &amp#27;[0;39m| &amp#27;[36mo.s.d.r.c.RepositoryConfigurationExtensionSupport:327&amp#27;[0;39m | ReqId=&amp#27;[35m&amp#27;[0;39m| &amp#27;[33mSpring Data Redis - Could not safely identify store assignment for repository candidate interface com.example.web_monitor.repository.MessageRepository; If you want this repository to be a Redis repository, consider annotating your entities with one of these annotations: org.springframework.data.redis.core.RedisHash (preferred), or consider extending one of the following types with your repository: org.springframework.data.keyvalue.repository.KeyValueRepository
&amp#27;[0;39m&amp#27;[37m2026-06-03 15:29:35.274&amp#27;[0;39m |Service=&amp#27;[36m&amp#27;[0;39m|&amp#27;[34mINFO &amp#27;[0;39m| &amp#27;[36mo.s.d.r.c.RepositoryConfigurationExtensionSupport:327&amp#27;[0;39m | ReqId=&amp#27;[35m&amp#27;[0;39m| &amp#27;[33mSpring Data Redis - Could not safely identify store assignment for repository candidate interface com.example.web_monitor.repository.ParticipantRepository; If you want this repository to be a Redis repository, consider annotating your entities with one of these annotations: org.springframework.data.redis.core.RedisHash (preferred), or consider extending one of the following types with your repository: org.springframework.data.keyvalue.repository.KeyValueRepository
&amp#27;[0;39m&amp#27;[37m2026-06-03 15:29:35.274&amp#27;[0;39m |Service=&amp#27;[36m&amp#27;[0;39m|&amp#27;[34mINFO &amp#27;[0;39m| &amp#27;[36mo.s.d.r.c.RepositoryConfigurationExtensionSupport:327&amp#27;[0;39m | ReqId=&amp#27;[35m&amp#27;[0;39m| &amp#27;[33mSpring Data Redis - Could not safely identify store assignment for repository candidate interface com.example.web_monitor.repository.RegGroupUserRepository; If you want this repository to be a Redis repository, consider annotating your entities with one of these annotations: org.springframework.data.redis.core.RedisHash (preferred), or consider extending one of the following types with your repository: org.springframework.data.keyvalue.repository.KeyValueRepository
&amp#27;[0;39m&amp#27;[37m2026-06-03 15:29:35.274&amp#27;[0;39m |Service=&amp#27;[36m&amp#27;[0;39m|&amp#27;[34mINFO &amp#27;[0;39m| &amp#27;[36mo.s.d.r.c.RepositoryConfigurationExtensionSupport:327&amp#27;[0;39m | ReqId=&amp#27;[35m&amp#27;[0;39m| &amp#27;[33mSpring Data Redis - Could not safely identify store assignment for repository candidate interface com.example.web_monitor.repository.RegReportRepository; If you want this repository to be a Redis repository, consider annotating your entities with one of these annotations: org.springframework.data.redis.core.RedisHash (preferred), or consider extending one of the following types with your repository: org.springframework.data.keyvalue.repository.KeyValueRepository
&amp#27;[0;39m&amp#27;[37m2026-06-03 15:29:35.275&amp#27;[0;39m |Service=&amp#27;[36m&amp#27;[0;39m|&amp#27;[34mINFO &amp#27;[0;39m| &amp#27;[36mo.s.d.r.c.RepositoryConfigurationExtensionSupport:327&amp#27;[0;39m | ReqId=&amp#27;[35m&amp#27;[0;39m| &amp#27;[33mSpring Data Redis - Could not safely identify store assignment for repository candidate interface com.example.web_monitor.repository.RegTerminalRepository; If you want this repository to be a Redis repository, consider annotating your entities with one of these annotations: org.springframework.data.redis.core.RedisHash (preferred), or consider extending one of the following types with your repository: org.springframework.data.keyvalue.repository.KeyValueRepository
&amp#27;[0;39m&amp#27;[37m2026-06-03 15:29:35.275&amp#27;[0;39m |Service=&amp#27;[36m&amp#27;[0;39m|&amp#27;[34mINFO &amp#27;[0;39m| &amp#27;[36mo.s.d.r.c.RepositoryConfigurationExtensionSupport:327&amp#27;[0;39m | ReqId=&amp#27;[35m&amp#27;[0;39m| &amp#27;[33mSpring Data Redis - Could not safely identify store assignment for repository candidate interface com.example.web_monitor.repository.ReGtxRepository; If you want this repository to be a Redis repository, consider annotating your entities with one of these annotations: org.springframework.data.redis.core.RedisHash (preferred), or consider extending one of the following types with your repository: org.springframework.data.keyvalue.repository.KeyValueRepository
&amp#27;[0;39m&amp#27;[37m2026-06-03 15:29:35.275&amp#27;[0;39m |Service=&amp#27;[36m&amp#27;[0;39m|&amp#27;[34mINFO &amp#27;[0;39m| &amp#27;[36mo.s.d.r.c.RepositoryConfigurationExtensionSupport:327&amp#27;[0;39m | ReqId=&amp#27;[35m&amp#27;[0;39m| &amp#27;[33mSpring Data Redis - Could not safely identify store assignment for repository candidate interface com.example.web_monitor.repository.RegUsersRepository; If you want this repository to be a Redis repository, consider annotating your entities with one of these annotations: org.springframework.data.redis.core.RedisHash (preferred), or consider extending one of the following types with your repository: org.springframework.data.keyvalue.repository.KeyValueRepository
&amp#27;[0;39m&amp#27;[37m2026-06-03 15:29:35.276&amp#27;[0;39m |Service=&amp#27;[36m&amp#27;[0;39m|&amp#27;[34mINFO &amp#27;[0;39m| &amp#27;[36mo.s.d.r.c.RepositoryConfigurationExtensionSupport:327&amp#27;[0;39m | ReqId=&amp#27;[35m&amp#27;[0;39m| &amp#27;[33mSpring Data Redis - Could not safely identify store assignment for repository candidate interface com.example.web_monitor.repository.RoleRepository; If you want this repository to be a Redis repository, consider annotating your entities with one of these annotations: org.springframework.data.redis.core.RedisHash (preferred), or consider extending one of the following types with your repository: org.springframework.data.keyvalue.repository.KeyValueRepository
&amp#27;[0;39m&amp#27;[37m2026-06-03 15:29:35.276&amp#27;[0;39m |Service=&amp#27;[36m&amp#27;[0;39m|&amp#27;[34mINFO &amp#27;[0;39m| &amp#27;[36mo.s.d.r.c.RepositoryConfigurationExtensionSupport:327&amp#27;[0;39m | ReqId=&amp#27;[35m&amp#27;[0;39m| &amp#27;[33mSpring Data Redis - Could not safely identify store assignment for repository candidate interface com.example.web_monitor.repository.RptLogRepository; If you want this repository to be a Redis repository, consider annotating your entities with one of these annotations: org.springframework.data.redis.core.RedisHash (preferred), or consider extending one of the following types with your repository: org.springframework.data.keyvalue.repository.KeyValueRepository
&amp#27;[0;39m&amp#27;[37m2026-06-03 15:29:35.276&amp#27;[0;39m |Service=&amp#27;[36m&amp#27;[0;39m|&amp#27;[34mINFO &amp#27;[0;39m| &amp#27;[36mo.s.d.r.c.RepositoryConfigurationExtensionSupport:327&amp#27;[0;39m | ReqId=&amp#27;[35m&amp#27;[0;39m| &amp#27;[33mSpring Data Redis - Could not safely identify store assignment for repository candidate interface com.example.web_monitor.repository.SentMsgRepository; If you want this repository to be a Redis repository, consider annotating your entities with one of these annotations: org.springframework.data.redis.core.RedisHash (preferred), or consider extending one of the following types with your repository: org.springframework.data.keyvalue.repository.KeyValueRepository
&amp#27;[0;39m&amp#27;[37m2026-06-03 15:29:35.276&amp#27;[0;39m |Service=&amp#27;[36m&amp#27;[0;39m|&amp#27;[34mINFO &amp#27;[0;39m| &amp#27;[36mo.s.d.r.c.RepositoryConfigurationExtensionSupport:327&amp#27;[0;39m | ReqId=&amp#27;[35m&amp#27;[0;39m| &amp#27;[33mSpring Data Redis - Could not safely identify store assignment for repository candidate interface com.example.web_monitor.repository.SignalRepository; If you want this repository to be a Redis repository, consider annotating your entities with one of these annotations: org.springframework.data.redis.core.RedisHash (preferred), or consider extending one of the following types with your repository: org.springframework.data.keyvalue.repository.KeyValueRepository
&amp#27;[0;39m&amp#27;[37m2026-06-03 15:29:35.276&amp#27;[0;39m |Service=&amp#27;[36m&amp#27;[0;39m|&amp#27;[34mINFO &amp#27;[0;39m| &amp#27;[36mo.s.d.r.c.RepositoryConfigurationExtensionSupport:327&amp#27;[0;39m | ReqId=&amp#27;[35m&amp#27;[0;39m| &amp#27;[33mSpring Data Redis - Could not safely identify store assignment for repository candidate interface com.example.web_monitor.repository.StaticDataRepository; If you want this repository to be a Redis repository, consider annotating your entities with one of these annotations: org.springframework.data.redis.core.RedisHash (preferred), or consider extending one of the following types with your repository: org.springframework.data.keyvalue.repository.KeyValueRepository
&amp#27;[0;39m&amp#27;[37m2026-06-03 15:29:35.277&amp#27;[0;39m |Service=&amp#27;[36m&amp#27;[0;39m|&amp#27;[34mINFO &amp#27;[0;39m| &amp#27;[36mo.s.d.r.c.RepositoryConfigurationExtensionSupport:327&amp#27;[0;39m | ReqId=&amp#27;[35m&amp#27;[0;39m| &amp#27;[33mSpring Data Redis - Could not safely identify store assignment for repository candidate interface com.example.web_monitor.repository.SystemAlertHistoryRepository; If you want this repository to be a Redis repository, consider annotating your entities with one of these annotations: org.springframework.data.redis.core.RedisHash (preferred), or consider extending one of the following types with your repository: org.springframework.data.keyvalue.repository.KeyValueRepository
&amp#27;[0;39m&amp#27;[37m2026-06-03 15:29:35.277&amp#27;[0;39m |Service=&amp#27;[36m&amp#27;[0;39m|&amp#27;[34mINFO &amp#27;[0;39m| &amp#27;[36mo.s.d.r.c.RepositoryConfigurationExtensionSupport:327&amp#27;[0;39m | ReqId=&amp#27;[35m&amp#27;[0;39m| &amp#27;[33mSpring Data Redis - Could not safely identify store assignment for repository candidate interface com.example.web_monitor.repository.TxMsgLogDetailHistRepository; If you want this repository to be a Redis repository, consider annotating your entities with one of these annotations: org.springframework.data.redis.core.RedisHash (preferred), or consider extending one of the following types with your repository: org.springframework.data.keyvalue.repository.KeyValueRepository
&amp#27;[0;39m&amp#27;[37m2026-06-03 15:29:35.277&amp#27;[0;39m |Service=&amp#27;[36m&amp#27;[0;39m|&amp#27;[34mINFO &amp#27;[0;39m| &amp#27;[36mo.s.d.r.c.RepositoryConfigurationExtensionSupport:327&amp#27;[0;39m | ReqId=&amp#27;[35m&amp#27;[0;39m| &amp#27;[33mSpring Data Redis - Could not safely identify store assignment for repository candidate interface com.example.web_monitor.repository.TxMsgLogDetailRepository; If you want this repository to be a Redis repository, consider annotating your entities with one of these annotations: org.springframework.data.redis.core.RedisHash (preferred), or consider extending one of the following types with your repository: org.springframework.data.keyvalue.repository.KeyValueRepository
&amp#27;[0;39m&amp#27;[37m2026-06-03 15:29:35.278&amp#27;[0;39m |Service=&amp#27;[36m&amp#27;[0;39m|&amp#27;[34mINFO &amp#27;[0;39m| &amp#27;[36mo.s.d.r.c.RepositoryConfigurationExtensionSupport:327&amp#27;[0;39m | ReqId=&amp#27;[35m&amp#27;[0;39m| &amp#27;[33mSpring Data Redis - Could not safely identify store assignment for repository candidate interface com.example.web_monitor.repository.UserRepository; If you want this repository to be a Redis repository, consider annotating your entities with one of these annotations: org.springframework.data.redis.core.RedisHash (preferred), or consider extending one of the following types with your repository: org.springframework.data.keyvalue.repository.KeyValueRepository
&amp#27;[0;39m&amp#27;[37m2026-06-03 15:29:35.279&amp#27;[0;39m |Service=&amp#27;[36m&amp#27;[0;39m|&amp#27;[34mINFO &amp#27;[0;39m| &amp#27;[36mo.s.d.r.c.RepositoryConfigurationDelegate:213&amp#27;[0;39m | ReqId=&amp#27;[35m&amp#27;[0;39m| &amp#27;[33mFinished Spring Data repository scanning in 26 ms. Found 0 Redis repository interfaces.
&amp#27;[0;39m&amp#27;[37m2026-06-03 15:29:36.802&amp#27;[0;39m |Service=&amp#27;[36m&amp#27;[0;39m|&amp#27;[34mINFO &amp#27;[0;39m| &amp#27;[36mo.h.j.i.u.LogHelper:31&amp#27;[0;39m | ReqId=&amp#27;[35m&amp#27;[0;39m| &amp#27;[33mHHH000204: Processing PersistenceUnitInfo [name: default]
&amp#27;[0;39m&amp#27;[37m2026-06-03 15:29:36.880&amp#27;[0;39m |Service=&amp#27;[36m&amp#27;[0;39m|&amp#27;[34mINFO &amp#27;[0;39m| &amp#27;[36mo.h.Version:44&amp#27;[0;39m | ReqId=&amp#27;[35m&amp#27;[0;39m| &amp#27;[33mHHH000412: Hibernate ORM core version 6.6.33.Final
&amp#27;[0;39m&amp#27;[37m2026-06-03 15:29:36.927&amp#27;[0;39m |Service=&amp#27;[36m&amp#27;[0;39m|&amp#27;[34mINFO &amp#27;[0;39m| &amp#27;[36mo.h.c.i.RegionFactoryInitiator:50&amp#27;[0;39m | ReqId=&amp#27;[35m&amp#27;[0;39m| &amp#27;[33mHHH000026: Second-level cache disabled
&amp#27;[0;39m&amp#27;[37m2026-06-03 15:29:37.064&amp#27;[0;39m |Service=&amp#27;[36m&amp#27;[0;39m|&amp#27;[34mINFO &amp#27;[0;39m| &amp#27;[36mo.s.o.j.p.SpringPersistenceUnitInfo:87&amp#27;[0;39m | ReqId=&amp#27;[35m&amp#27;[0;39m| &amp#27;[33mNo LoadTimeWeaver setup: ignoring JPA class transformer
&amp#27;[0;39m&amp#27;[37m2026-06-03 15:29:37.119&amp#27;[0;39m |Service=&amp#27;[36m&amp#27;[0;39m|&amp#27;[34mINFO &amp#27;[0;39m| &amp#27;[36mc.z.h.HikariDataSource:109&amp#27;[0;39m | ReqId=&amp#27;[35m&amp#27;[0;39m| &amp#27;[33mHikariPool-1 - Starting...
&amp#27;[0;39m&amp#27;[37m2026-06-03 15:29:37.124&amp#27;[0;39m |Service=&amp#27;[36m&amp#27;[0;39m|&amp#27;[31mWARN &amp#27;[0;39m| &amp#27;[36mc.z.h.u.DriverDataSource:75&amp#27;[0;39m | ReqId=&amp#27;[35m&amp#27;[0;39m| &amp#27;[33mRegistered driver with driverClassName=oracle.jdbc.driver.OracleDriver was not found, trying direct instantiation.
&amp#27;[0;39m&amp#27;[37m2026-06-03 15:29:37.646&amp#27;[0;39m |Service=&amp#27;[36m&amp#27;[0;39m|&amp#27;[34mINFO &amp#27;[0;39m| &amp#27;[36mc.z.h.p.HikariPool:580&amp#27;[0;39m | ReqId=&amp#27;[35m&amp#27;[0;39m| &amp#27;[33mHikariPool-1 - Added connection oracle.jdbc.driver.T4CConnection@76b5b1e2
&amp#27;[0;39m&amp#27;[37m2026-06-03 15:29:37.647&amp#27;[0;39m |Service=&amp#27;[36m&amp#27;[0;39m|&amp#27;[34mINFO &amp#27;[0;39m| &amp#27;[36mc.z.h.HikariDataSource:122&amp#27;[0;39m | ReqId=&amp#27;[35m&amp#27;[0;39m| &amp#27;[33mHikariPool-1 - Start completed.
&amp#27;[0;39m&amp#27;[37m2026-06-03 15:29:37.796&amp#27;[0;39m |Service=&amp#27;[36m&amp#27;[0;39m|&amp#27;[31mWARN &amp#27;[0;39m| &amp#27;[36mo.h.o.deprecation:153&amp#27;[0;39m | ReqId=&amp#27;[35m&amp#27;[0;39m| &amp#27;[33mHHH90000025: OracleDialect does not need to be specified explicitly using 'hibernate.dialect' (remove the property setting and it will be selected by default)
&amp#27;[0;39m&amp#27;[37m2026-06-03 15:29:37.898&amp#27;[0;39m |Service=&amp#27;[36m&amp#27;[0;39m|&amp#27;[34mINFO &amp#27;[0;39m| &amp#27;[36mo.h.o.c.pooling:163&amp#27;[0;39m | ReqId=&amp#27;[35m&amp#27;[0;39m| &amp#27;[33mHHH10001005: Database info:
	Database JDBC URL [Connecting through datasource 'HikariDataSource (HikariPool-1)']
	Database driver: undefined/unknown
	Database version: 19.3
	Autocommit mode: undefined/unknown
	Isolation level: undefined/unknown
	Minimum pool size: undefined/unknown
	Maximum pool size: undefined/unknown
&amp#27;[0;39mHibernate: create global temporary table HTE_app_roles(rn_ number(10,0) not null, id number(19,0), name varchar2(20 char), primary key (rn_)) on commit delete rows
Hibernate: create global temporary table HTE_app_users(enabled number(1,0), rn_ number(10,0) not null, id number(19,0), role_id number(19,0), password varchar2(64 char), email varchar2(128 char), notes varchar2(128 char), username varchar2(128 char), primary key (rn_)) on commit delete rows
Hibernate: create global temporary table HTE_regusers(rn_ number(10,0) not null, role number(1,0), vsdcode varchar2(3 char), grid varchar2(5 char), autoid number(19,0), participant_id number(19,0), updatetime timestamp(6), userid number(19,0), tokenid varchar2(100 char), usrname varchar2(100 char), usrpwd varchar2(100 char), authmode varchar2(255 char), status varchar2(255 char), primary key (rn_)) on commit delete rows
&amp#27;[37m2026-06-03 15:29:40.191&amp#27;[0;39m |Service=&amp#27;[36m&amp#27;[0;39m|&amp#27;[34mINFO &amp#27;[0;39m| &amp#27;[36mo.h.e.t.j.p.i.JtaPlatformInitiator:59&amp#27;[0;39m | ReqId=&amp#27;[35m&amp#27;[0;39m| &amp#27;[33mHHH000489: No JTA platform available (set 'hibernate.transaction.jta.platform' to enable JTA platform integration)
&amp#27;[0;39mHibernate: alter table regreport add constraint FKcpd6w6trcfkk7s0e86foi6h3i foreign key (participant_id) references participants
&amp#27;[37m2026-06-03 15:29:54.304&amp#27;[0;39m |Service=&amp#27;[36m&amp#27;[0;39m|&amp#27;[31mWARN &amp#27;[0;39m| &amp#27;[36mo.h.t.s.i.ExceptionHandlerLoggedImpl:27&amp#27;[0;39m | ReqId=&amp#27;[35m&amp#27;[0;39m| &amp#27;[33mGenerationTarget encountered exception accepting command : Error executing DDL "alter table regreport add constraint FKcpd6w6trcfkk7s0e86foi6h3i foreign key (participant_id) references participants" via JDBC [ORA-02268: referenced table does not have a primary key

https://docs.oracle.com/error-help/db/ora-02268/]
&amp#27;[0;39morg.hibernate.tool.schema.spi.CommandAcceptanceException: Error executing DDL "alter table regreport add constraint FKcpd6w6trcfkk7s0e86foi6h3i foreign key (participant_id) references participants" via JDBC [ORA-02268: referenced table does not have a primary key

https://docs.oracle.com/error-help/db/ora-02268/]
	at org.hibernate.tool.schema.internal.exec.GenerationTargetToDatabase.accept(GenerationTargetToDatabase.java:94)
	at org.hibernate.tool.schema.internal.AbstractSchemaMigrator.applySqlString(AbstractSchemaMigrator.java:576)
	at org.hibernate.tool.schema.internal.AbstractSchemaMigrator.applySqlStrings(AbstractSchemaMigrator.java:516)
	at org.hibernate.tool.schema.internal.AbstractSchemaMigrator.applyForeignKeys(AbstractSchemaMigrator.java:448)
	at org.hibernate.tool.schema.internal.AbstractSchemaMigrator.performMigration(AbstractSchemaMigrator.java:269)
	at org.hibernate.tool.schema.internal.AbstractSchemaMigrator.doMigration(AbstractSchemaMigrator.java:112)
	at org.hibernate.tool.schema.spi.SchemaManagementToolCoordinator.performDatabaseAction(SchemaManagementToolCoordinator.java:280)
	at org.hibernate.tool.schema.spi.SchemaManagementToolCoordinator.lambda$process$5(SchemaManagementToolCoordinator.java:144)
	at java.base/java.util.HashMap.forEach(HashMap.java:1429)
	at org.hibernate.tool.schema.spi.SchemaManagementToolCoordinator.process(SchemaManagementToolCoordinator.java:141)
	at org.hibernate.boot.internal.SessionFactoryObserverForSchemaExport.sessionFactoryCreated(SessionFactoryObserverForSchemaExport.java:37)
	at org.hibernate.internal.SessionFactoryObserverChain.sessionFactoryCreated(SessionFactoryObserverChain.java:35)
	at org.hibernate.internal.SessionFactoryImpl.<init>(SessionFactoryImpl.java:324)
	at org.hibernate.boot.internal.SessionFactoryBuilderImpl.build(SessionFactoryBuilderImpl.java:463)
	at org.hibernate.jpa.boot.internal.EntityManagerFactoryBuilderImpl.build(EntityManagerFactoryBuilderImpl.java:1517)
	at org.springframework.orm.jpa.vendor.SpringHibernateJpaPersistenceProvider.createContainerEntityManagerFactory(SpringHibernateJpaPersistenceProvider.java:66)
	at org.springframework.orm.jpa.LocalContainerEntityManagerFactoryBean.createNativeEntityManagerFactory(LocalContainerEntityManagerFactoryBean.java:390)
	at org.springframework.orm.jpa.AbstractEntityManagerFactoryBean.buildNativeEntityManagerFactory(AbstractEntityManagerFactoryBean.java:419)
	at org.springframework.orm.jpa.AbstractEntityManagerFactoryBean.afterPropertiesSet(AbstractEntityManagerFactoryBean.java:400)
	at org.springframework.orm.jpa.LocalContainerEntityManagerFactoryBean.afterPropertiesSet(LocalContainerEntityManagerFactoryBean.java:366)
	at org.springframework.beans.factory.support.AbstractAutowireCapableBeanFactory.invokeInitMethods(AbstractAutowireCapableBeanFactory.java:1873)
	at org.springframework.beans.factory.support.AbstractAutowireCapableBeanFactory.initializeBean(AbstractAutowireCapableBeanFactory.java:1822)
	at org.springframework.beans.factory.support.AbstractAutowireCapableBeanFactory.doCreateBean(AbstractAutowireCapableBeanFactory.java:607)
	at org.springframework.beans.factory.support.AbstractAutowireCapableBeanFactory.createBean(AbstractAutowireCapableBeanFactory.java:529)
	at org.springframework.beans.factory.support.AbstractBeanFactory.lambda$doGetBean$0(AbstractBeanFactory.java:339)
	at org.springframework.beans.factory.support.DefaultSingletonBeanRegistry.getSingleton(DefaultSingletonBeanRegistry.java:373)
	at org.springframework.beans.factory.support.AbstractBeanFactory.doGetBean(AbstractBeanFactory.java:337)
	at org.springframework.beans.factory.support.AbstractBeanFactory.getBean(AbstractBeanFactory.java:207)
	at org.springframework.context.support.AbstractApplicationContext.finishBeanFactoryInitialization(AbstractApplicationContext.java:973)
	at org.springframework.context.support.AbstractApplicationContext.refresh(AbstractApplicationContext.java:627)
	at org.springframework.boot.SpringApplication.refresh(SpringApplication.java:752)
	at org.springframework.boot.SpringApplication.refreshContext(SpringApplication.java:439)
	at org.springframework.boot.SpringApplication.run(SpringApplication.java:318)
	at org.springframework.boot.test.context.SpringBootContextLoader.lambda$loadContext$3(SpringBootContextLoader.java:144)
	at org.springframework.util.function.ThrowingSupplier.get(ThrowingSupplier.java:58)
	at org.springframework.util.function.ThrowingSupplier.get(ThrowingSupplier.java:46)
	at org.springframework.boot.SpringApplication.withHook(SpringApplication.java:1461)
	at org.springframework.boot.test.context.SpringBootContextLoader$ContextLoaderHook.run(SpringBootContextLoader.java:563)
	at org.springframework.boot.test.context.SpringBootContextLoader.loadContext(SpringBootContextLoader.java:144)
	at org.springframework.boot.test.context.SpringBootContextLoader.loadContext(SpringBootContextLoader.java:110)
	at org.springframework.test.context.cache.DefaultCacheAwareContextLoaderDelegate.loadContextInternal(DefaultCacheAwareContextLoaderDelegate.java:225)
	at org.springframework.test.context.cache.DefaultCacheAwareContextLoaderDelegate.loadContext(DefaultCacheAwareContextLoaderDelegate.java:152)
	at org.springframework.test.context.support.DefaultTestContext.getApplicationContext(DefaultTestContext.java:130)
	at org.springframework.test.context.web.ServletTestExecutionListener.setUpRequestContextIfNecessary(ServletTestExecutionListener.java:200)
	at org.springframework.test.context.web.ServletTestExecutionListener.prepareTestInstance(ServletTestExecutionListener.java:139)
	at org.springframework.test.context.TestContextManager.prepareTestInstance(TestContextManager.java:260)
	at org.springframework.test.context.junit.jupiter.SpringExtension.postProcessTestInstance(SpringExtension.java:159)
	at org.junit.jupiter.engine.descriptor.ClassBasedTestDescriptor.lambda$invokeTestInstancePostProcessors$10(ClassBasedTestDescriptor.java:383)
	at org.junit.jupiter.engine.descriptor.ClassBasedTestDescriptor.executeAndMaskThrowable(ClassBasedTestDescriptor.java:388)
	at org.junit.jupiter.engine.descriptor.ClassBasedTestDescriptor.lambda$invokeTestInstancePostProcessors$11(ClassBasedTestDescriptor.java:382)
	at java.base/java.util.stream.ForEachOps$ForEachOp$OfRef.accept(ForEachOps.java:184)
	at java.base/java.util.stream.ReferencePipeline$3$1.accept(ReferencePipeline.java:197)
	at java.base/java.util.stream.ReferencePipeline$2$1.accept(ReferencePipeline.java:179)
	at java.base/java.util.stream.ReferencePipeline$3$1.accept(ReferencePipeline.java:197)
	at java.base/java.util.ArrayList$ArrayListSpliterator.forEachRemaining(ArrayList.java:1708)
	at java.base/java.util.stream.AbstractPipeline.copyInto(AbstractPipeline.java:509)
	at java.base/java.util.stream.AbstractPipeline.wrapAndCopyInto(AbstractPipeline.java:499)
	at java.base/java.util.stream.ForEachOps$ForEachOp.evaluateSequential(ForEachOps.java:151)
	at java.base/java.util.stream.ForEachOps$ForEachOp$OfRef.evaluateSequential(ForEachOps.java:174)
	at java.base/java.util.stream.AbstractPipeline.evaluate(AbstractPipeline.java:234)
	at java.base/java.util.stream.ReferencePipeline.forEach(ReferencePipeline.java:596)
	at org.junit.jupiter.engine.descriptor.ClassBasedTestDescriptor.invokeTestInstancePostProcessors(ClassBasedTestDescriptor.java:382)
	at org.junit.jupiter.engine.descriptor.ClassBasedTestDescriptor.lambda$instantiateAndPostProcessTestInstance$6(ClassBasedTestDescriptor.java:293)
	at org.junit.platform.engine.support.hierarchical.ThrowableCollector.execute(ThrowableCollector.java:73)
	at org.junit.jupiter.engine.descriptor.ClassBasedTestDescriptor.instantiateAndPostProcessTestInstance(ClassBasedTestDescriptor.java:292)
	at org.junit.jupiter.engine.descriptor.ClassBasedTestDescriptor.lambda$testInstancesProvider$4(ClassBasedTestDescriptor.java:281)
	at java.base/java.util.Optional.orElseGet(Optional.java:364)
	at org.junit.jupiter.engine.descriptor.ClassBasedTestDescriptor.lambda$testInstancesProvider$5(ClassBasedTestDescriptor.java:280)
	at org.junit.jupiter.engine.execution.TestInstancesProvider.getTestInstances(TestInstancesProvider.java:27)
	at org.junit.jupiter.engine.descriptor.TestMethodTestDescriptor.lambda$prepare$0(TestMethodTestDescriptor.java:112)
	at org.junit.platform.engine.support.hierarchical.ThrowableCollector.execute(ThrowableCollector.java:73)
	at org.junit.jupiter.engine.descriptor.TestMethodTestDescriptor.prepare(TestMethodTestDescriptor.java:111)
	at org.junit.jupiter.engine.descriptor.TestMethodTestDescriptor.prepare(TestMethodTestDescriptor.java:69)
	at org.junit.platform.engine.support.hierarchical.NodeTestTask.lambda$prepare$2(NodeTestTask.java:128)
	at org.junit.platform.engine.support.hierarchical.ThrowableCollector.execute(ThrowableCollector.java:73)
	at org.junit.platform.engine.support.hierarchical.NodeTestTask.prepare(NodeTestTask.java:128)
	at org.junit.platform.engine.support.hierarchical.NodeTestTask.execute(NodeTestTask.java:95)
	at java.base/java.util.ArrayList.forEach(ArrayList.java:1596)
	at org.junit.platform.engine.support.hierarchical.SameThreadHierarchicalTestExecutorService.invokeAll(SameThreadHierarchicalTestExecutorService.java:41)
	at org.junit.platform.engine.support.hierarchical.NodeTestTask.lambda$executeRecursively$6(NodeTestTask.java:160)
	at org.junit.platform.engine.support.hierarchical.ThrowableCollector.execute(ThrowableCollector.java:73)
	at org.junit.platform.engine.support.hierarchical.NodeTestTask.lambda$executeRecursively$8(NodeTestTask.java:146)
	at org.junit.platform.engine.support.hierarchical.Node.around(Node.java:137)
	at org.junit.platform.engine.support.hierarchical.NodeTestTask.lambda$executeRecursively$9(NodeTestTask.java:144)
	at org.junit.platform.engine.support.hierarchical.ThrowableCollector.execute(ThrowableCollector.java:73)
	at org.junit.platform.engine.support.hierarchical.NodeTestTask.executeRecursively(NodeTestTask.java:143)
	at org.junit.platform.engine.support.hierarchical.NodeTestTask.execute(NodeTestTask.java:100)
	at java.base/java.util.ArrayList.forEach(ArrayList.java:1596)
	at org.junit.platform.engine.support.hierarchical.SameThreadHierarchicalTestExecutorService.invokeAll(SameThreadHierarchicalTestExecutorService.java:41)
	at org.junit.platform.engine.support.hierarchical.NodeTestTask.lambda$executeRecursively$6(NodeTestTask.java:160)
	at org.junit.platform.engine.support.hierarchical.ThrowableCollector.execute(ThrowableCollector.java:73)
	at org.junit.platform.engine.support.hierarchical.NodeTestTask.lambda$executeRecursively$8(NodeTestTask.java:146)
	at org.junit.platform.engine.support.hierarchical.Node.around(Node.java:137)
	at org.junit.platform.engine.support.hierarchical.NodeTestTask.lambda$executeRecursively$9(NodeTestTask.java:144)
	at org.junit.platform.engine.support.hierarchical.ThrowableCollector.execute(ThrowableCollector.java:73)
	at org.junit.platform.engine.support.hierarchical.NodeTestTask.executeRecursively(NodeTestTask.java:143)
	at org.junit.platform.engine.support.hierarchical.NodeTestTask.execute(NodeTestTask.java:100)
	at org.junit.platform.engine.support.hierarchical.SameThreadHierarchicalTestExecutorService.submit(SameThreadHierarchicalTestExecutorService.java:35)
	at org.junit.platform.engine.support.hierarchical.HierarchicalTestExecutor.execute(HierarchicalTestExecutor.java:57)
	at org.junit.platform.engine.support.hierarchical.HierarchicalTestEngine.execute(HierarchicalTestEngine.java:54)
	at org.junit.platform.launcher.core.EngineExecutionOrchestrator.execute(EngineExecutionOrchestrator.java:201)
	at org.junit.platform.launcher.core.EngineExecutionOrchestrator.execute(EngineExecutionOrchestrator.java:170)
	at org.junit.platform.launcher.core.EngineExecutionOrchestrator.execute(EngineExecutionOrchestrator.java:94)
	at org.junit.platform.launcher.core.EngineExecutionOrchestrator.lambda$execute$0(EngineExecutionOrchestrator.java:59)
	at org.junit.platform.launcher.core.EngineExecutionOrchestrator.withInterceptedStreams(EngineExecutionOrchestrator.java:142)
	at org.junit.platform.launcher.core.EngineExecutionOrchestrator.execute(EngineExecutionOrchestrator.java:58)
	at org.junit.platform.launcher.core.DefaultLauncher.execute(DefaultLauncher.java:103)
	at org.junit.platform.launcher.core.DefaultLauncher.execute(DefaultLauncher.java:85)
	at org.junit.platform.launcher.core.DelegatingLauncher.execute(DelegatingLauncher.java:47)
	at org.junit.platform.launcher.core.InterceptingLauncher.lambda$execute$1(InterceptingLauncher.java:39)
	at org.junit.platform.launcher.core.ClasspathAlignmentCheckingLauncherInterceptor.intercept(ClasspathAlignmentCheckingLauncherInterceptor.java:25)
	at org.junit.platform.launcher.core.InterceptingLauncher.execute(InterceptingLauncher.java:38)
	at org.junit.platform.launcher.core.DelegatingLauncher.execute(DelegatingLauncher.java:47)
	at org.apache.maven.surefire.junitplatform.LauncherAdapter.executeWithoutCancellationToken(LauncherAdapter.java:60)
	at org.apache.maven.surefire.junitplatform.LauncherAdapter.execute(LauncherAdapter.java:52)
	at org.apache.maven.surefire.junitplatform.JUnitPlatformProvider.execute(JUnitPlatformProvider.java:203)
	at org.apache.maven.surefire.junitplatform.JUnitPlatformProvider.invokeAllTests(JUnitPlatformProvider.java:168)
	at org.apache.maven.surefire.junitplatform.JUnitPlatformProvider.invoke(JUnitPlatformProvider.java:136)
	at org.apache.maven.surefire.booter.ForkedBooter.runSuitesInProcess(ForkedBooter.java:385)
	at org.apache.maven.surefire.booter.ForkedBooter.execute(ForkedBooter.java:162)
	at org.apache.maven.surefire.booter.ForkedBooter.run(ForkedBooter.java:507)
	at org.apache.maven.surefire.booter.ForkedBooter.main(ForkedBooter.java:495)
Caused by: java.sql.SQLSyntaxErrorException: ORA-02268: referenced table does not have a primary key

https://docs.oracle.com/error-help/db/ora-02268/
	at oracle.jdbc.driver.T4CTTIoer11.processError(T4CTTIoer11.java:715)
	at oracle.jdbc.driver.T4CTTIoer11.processError(T4CTTIoer11.java:615)
	at oracle.jdbc.driver.T4C8Oall.processError(T4C8Oall.java:1372)
	at oracle.jdbc.driver.T4CTTIfun.receive(T4CTTIfun.java:969)
	at oracle.jdbc.driver.T4CTTIfun.doRPC(T4CTTIfun.java:237)
	at oracle.jdbc.driver.T4C8Oall.doOALL(T4C8Oall.java:524)
	at oracle.jdbc.driver.T4CStatement.doOall8(T4CStatement.java:192)
	at oracle.jdbc.driver.T4CStatement.executeForRows(T4CStatement.java:1401)
	at oracle.jdbc.driver.OracleStatement.executeSQLStatement(OracleStatement.java:2009)
	at oracle.jdbc.driver.OracleStatement.doExecuteWithTimeout(OracleStatement.java:1622)
	at oracle.jdbc.driver.OracleStatement.executeInternal(OracleStatement.java:2687)
	at oracle.jdbc.driver.OracleStatement.execute(OracleStatement.java:2636)
	at oracle.jdbc.driver.OracleStatementWrapper.execute(OracleStatementWrapper.java:337)
	at com.zaxxer.hikari.pool.ProxyStatement.execute(ProxyStatement.java:95)
	at com.zaxxer.hikari.pool.HikariProxyStatement.execute(HikariProxyStatement.java)
	at org.hibernate.tool.schema.internal.exec.GenerationTargetToDatabase.accept(GenerationTargetToDatabase.java:80)
	... 121 common frames omitted
Caused by: oracle.jdbc.OracleDatabaseException: ORA-02268: referenced table does not have a primary key

	at oracle.jdbc.driver.T4CTTIoer11.processError(T4CTTIoer11.java:723)
	... 136 common frames omitted
Hibernate: alter table regterminal add constraint FKpto21jcps2xhg1m2eruhleowj foreign key (participant_id) references participants
&amp#27;[37m2026-06-03 15:29:54.343&amp#27;[0;39m |Service=&amp#27;[36m&amp#27;[0;39m|&amp#27;[31mWARN &amp#27;[0;39m| &amp#27;[36mo.h.t.s.i.ExceptionHandlerLoggedImpl:27&amp#27;[0;39m | ReqId=&amp#27;[35m&amp#27;[0;39m| &amp#27;[33mGenerationTarget encountered exception accepting command : Error executing DDL "alter table regterminal add constraint FKpto21jcps2xhg1m2eruhleowj foreign key (participant_id) references participants" via JDBC [ORA-02268: referenced table does not have a primary key

https://docs.oracle.com/error-help/db/ora-02268/]
&amp#27;[0;39morg.hibernate.tool.schema.spi.CommandAcceptanceException: Error executing DDL "alter table regterminal add constraint FKpto21jcps2xhg1m2eruhleowj foreign key (participant_id) references participants" via JDBC [ORA-02268: referenced table does not have a primary key

https://docs.oracle.com/error-help/db/ora-02268/]
	at org.hibernate.tool.schema.internal.exec.GenerationTargetToDatabase.accept(GenerationTargetToDatabase.java:94)
	at org.hibernate.tool.schema.internal.AbstractSchemaMigrator.applySqlString(AbstractSchemaMigrator.java:576)
	at org.hibernate.tool.schema.internal.AbstractSchemaMigrator.applySqlStrings(AbstractSchemaMigrator.java:516)
	at org.hibernate.tool.schema.internal.AbstractSchemaMigrator.applyForeignKeys(AbstractSchemaMigrator.java:448)
	at org.hibernate.tool.schema.internal.AbstractSchemaMigrator.performMigration(AbstractSchemaMigrator.java:269)
	at org.hibernate.tool.schema.internal.AbstractSchemaMigrator.doMigration(AbstractSchemaMigrator.java:112)
	at org.hibernate.tool.schema.spi.SchemaManagementToolCoordinator.performDatabaseAction(SchemaManagementToolCoordinator.java:280)
	at org.hibernate.tool.schema.spi.SchemaManagementToolCoordinator.lambda$process$5(SchemaManagementToolCoordinator.java:144)
	at java.base/java.util.HashMap.forEach(HashMap.java:1429)
	at org.hibernate.tool.schema.spi.SchemaManagementToolCoordinator.process(SchemaManagementToolCoordinator.java:141)
	at org.hibernate.boot.internal.SessionFactoryObserverForSchemaExport.sessionFactoryCreated(SessionFactoryObserverForSchemaExport.java:37)
	at org.hibernate.internal.SessionFactoryObserverChain.sessionFactoryCreated(SessionFactoryObserverChain.java:35)
	at org.hibernate.internal.SessionFactoryImpl.<init>(SessionFactoryImpl.java:324)
	at org.hibernate.boot.internal.SessionFactoryBuilderImpl.build(SessionFactoryBuilderImpl.java:463)
	at org.hibernate.jpa.boot.internal.EntityManagerFactoryBuilderImpl.build(EntityManagerFactoryBuilderImpl.java:1517)
	at org.springframework.orm.jpa.vendor.SpringHibernateJpaPersistenceProvider.createContainerEntityManagerFactory(SpringHibernateJpaPersistenceProvider.java:66)
	at org.springframework.orm.jpa.LocalContainerEntityManagerFactoryBean.createNativeEntityManagerFactory(LocalContainerEntityManagerFactoryBean.java:390)
	at org.springframework.orm.jpa.AbstractEntityManagerFactoryBean.buildNativeEntityManagerFactory(AbstractEntityManagerFactoryBean.java:419)
	at org.springframework.orm.jpa.AbstractEntityManagerFactoryBean.afterPropertiesSet(AbstractEntityManagerFactoryBean.java:400)
	at org.springframework.orm.jpa.LocalContainerEntityManagerFactoryBean.afterPropertiesSet(LocalContainerEntityManagerFactoryBean.java:366)
	at org.springframework.beans.factory.support.AbstractAutowireCapableBeanFactory.invokeInitMethods(AbstractAutowireCapableBeanFactory.java:1873)
	at org.springframework.beans.factory.support.AbstractAutowireCapableBeanFactory.initializeBean(AbstractAutowireCapableBeanFactory.java:1822)
	at org.springframework.beans.factory.support.AbstractAutowireCapableBeanFactory.doCreateBean(AbstractAutowireCapableBeanFactory.java:607)
	at org.springframework.beans.factory.support.AbstractAutowireCapableBeanFactory.createBean(AbstractAutowireCapableBeanFactory.java:529)
	at org.springframework.beans.factory.support.AbstractBeanFactory.lambda$doGetBean$0(AbstractBeanFactory.java:339)
	at org.springframework.beans.factory.support.DefaultSingletonBeanRegistry.getSingleton(DefaultSingletonBeanRegistry.java:373)
	at org.springframework.beans.factory.support.AbstractBeanFactory.doGetBean(AbstractBeanFactory.java:337)
	at org.springframework.beans.factory.support.AbstractBeanFactory.getBean(AbstractBeanFactory.java:207)
	at org.springframework.context.support.AbstractApplicationContext.finishBeanFactoryInitialization(AbstractApplicationContext.java:973)
	at org.springframework.context.support.AbstractApplicationContext.refresh(AbstractApplicationContext.java:627)
	at org.springframework.boot.SpringApplication.refresh(SpringApplication.java:752)
	at org.springframework.boot.SpringApplication.refreshContext(SpringApplication.java:439)
	at org.springframework.boot.SpringApplication.run(SpringApplication.java:318)
	at org.springframework.boot.test.context.SpringBootContextLoader.lambda$loadContext$3(SpringBootContextLoader.java:144)
	at org.springframework.util.function.ThrowingSupplier.get(ThrowingSupplier.java:58)
	at org.springframework.util.function.ThrowingSupplier.get(ThrowingSupplier.java:46)
	at org.springframework.boot.SpringApplication.withHook(SpringApplication.java:1461)
	at org.springframework.boot.test.context.SpringBootContextLoader$ContextLoaderHook.run(SpringBootContextLoader.java:563)
	at org.springframework.boot.test.context.SpringBootContextLoader.loadContext(SpringBootContextLoader.java:144)
	at org.springframework.boot.test.context.SpringBootContextLoader.loadContext(SpringBootContextLoader.java:110)
	at org.springframework.test.context.cache.DefaultCacheAwareContextLoaderDelegate.loadContextInternal(DefaultCacheAwareContextLoaderDelegate.java:225)
	at org.springframework.test.context.cache.DefaultCacheAwareContextLoaderDelegate.loadContext(DefaultCacheAwareContextLoaderDelegate.java:152)
	at org.springframework.test.context.support.DefaultTestContext.getApplicationContext(DefaultTestContext.java:130)
	at org.springframework.test.context.web.ServletTestExecutionListener.setUpRequestContextIfNecessary(ServletTestExecutionListener.java:200)
	at org.springframework.test.context.web.ServletTestExecutionListener.prepareTestInstance(ServletTestExecutionListener.java:139)
	at org.springframework.test.context.TestContextManager.prepareTestInstance(TestContextManager.java:260)
	at org.springframework.test.context.junit.jupiter.SpringExtension.postProcessTestInstance(SpringExtension.java:159)
	at org.junit.jupiter.engine.descriptor.ClassBasedTestDescriptor.lambda$invokeTestInstancePostProcessors$10(ClassBasedTestDescriptor.java:383)
	at org.junit.jupiter.engine.descriptor.ClassBasedTestDescriptor.executeAndMaskThrowable(ClassBasedTestDescriptor.java:388)
	at org.junit.jupiter.engine.descriptor.ClassBasedTestDescriptor.lambda$invokeTestInstancePostProcessors$11(ClassBasedTestDescriptor.java:382)
	at java.base/java.util.stream.ForEachOps$ForEachOp$OfRef.accept(ForEachOps.java:184)
	at java.base/java.util.stream.ReferencePipeline$3$1.accept(ReferencePipeline.java:197)
	at java.base/java.util.stream.ReferencePipeline$2$1.accept(ReferencePipeline.java:179)
	at java.base/java.util.stream.ReferencePipeline$3$1.accept(ReferencePipeline.java:197)
	at java.base/java.util.ArrayList$ArrayListSpliterator.forEachRemaining(ArrayList.java:1708)
	at java.base/java.util.stream.AbstractPipeline.copyInto(AbstractPipeline.java:509)
	at java.base/java.util.stream.AbstractPipeline.wrapAndCopyInto(AbstractPipeline.java:499)
	at java.base/java.util.stream.ForEachOps$ForEachOp.evaluateSequential(ForEachOps.java:151)
	at java.base/java.util.stream.ForEachOps$ForEachOp$OfRef.evaluateSequential(ForEachOps.java:174)
	at java.base/java.util.stream.AbstractPipeline.evaluate(AbstractPipeline.java:234)
	at java.base/java.util.stream.ReferencePipeline.forEach(ReferencePipeline.java:596)
	at org.junit.jupiter.engine.descriptor.ClassBasedTestDescriptor.invokeTestInstancePostProcessors(ClassBasedTestDescriptor.java:382)
	at org.junit.jupiter.engine.descriptor.ClassBasedTestDescriptor.lambda$instantiateAndPostProcessTestInstance$6(ClassBasedTestDescriptor.java:293)
	at org.junit.platform.engine.support.hierarchical.ThrowableCollector.execute(ThrowableCollector.java:73)
	at org.junit.jupiter.engine.descriptor.ClassBasedTestDescriptor.instantiateAndPostProcessTestInstance(ClassBasedTestDescriptor.java:292)
	at org.junit.jupiter.engine.descriptor.ClassBasedTestDescriptor.lambda$testInstancesProvider$4(ClassBasedTestDescriptor.java:281)
	at java.base/java.util.Optional.orElseGet(Optional.java:364)
	at org.junit.jupiter.engine.descriptor.ClassBasedTestDescriptor.lambda$testInstancesProvider$5(ClassBasedTestDescriptor.java:280)
	at org.junit.jupiter.engine.execution.TestInstancesProvider.getTestInstances(TestInstancesProvider.java:27)
	at org.junit.jupiter.engine.descriptor.TestMethodTestDescriptor.lambda$prepare$0(TestMethodTestDescriptor.java:112)
	at org.junit.platform.engine.support.hierarchical.ThrowableCollector.execute(ThrowableCollector.java:73)
	at org.junit.jupiter.engine.descriptor.TestMethodTestDescriptor.prepare(TestMethodTestDescriptor.java:111)
	at org.junit.jupiter.engine.descriptor.TestMethodTestDescriptor.prepare(TestMethodTestDescriptor.java:69)
	at org.junit.platform.engine.support.hierarchical.NodeTestTask.lambda$prepare$2(NodeTestTask.java:128)
	at org.junit.platform.engine.support.hierarchical.ThrowableCollector.execute(ThrowableCollector.java:73)
	at org.junit.platform.engine.support.hierarchical.NodeTestTask.prepare(NodeTestTask.java:128)
	at org.junit.platform.engine.support.hierarchical.NodeTestTask.execute(NodeTestTask.java:95)
	at java.base/java.util.ArrayList.forEach(ArrayList.java:1596)
	at org.junit.platform.engine.support.hierarchical.SameThreadHierarchicalTestExecutorService.invokeAll(SameThreadHierarchicalTestExecutorService.java:41)
	at org.junit.platform.engine.support.hierarchical.NodeTestTask.lambda$executeRecursively$6(NodeTestTask.java:160)
	at org.junit.platform.engine.support.hierarchical.ThrowableCollector.execute(ThrowableCollector.java:73)
	at org.junit.platform.engine.support.hierarchical.NodeTestTask.lambda$executeRecursively$8(NodeTestTask.java:146)
	at org.junit.platform.engine.support.hierarchical.Node.around(Node.java:137)
	at org.junit.platform.engine.support.hierarchical.NodeTestTask.lambda$executeRecursively$9(NodeTestTask.java:144)
	at org.junit.platform.engine.support.hierarchical.ThrowableCollector.execute(ThrowableCollector.java:73)
	at org.junit.platform.engine.support.hierarchical.NodeTestTask.executeRecursively(NodeTestTask.java:143)
	at org.junit.platform.engine.support.hierarchical.NodeTestTask.execute(NodeTestTask.java:100)
	at java.base/java.util.ArrayList.forEach(ArrayList.java:1596)
	at org.junit.platform.engine.support.hierarchical.SameThreadHierarchicalTestExecutorService.invokeAll(SameThreadHierarchicalTestExecutorService.java:41)
	at org.junit.platform.engine.support.hierarchical.NodeTestTask.lambda$executeRecursively$6(NodeTestTask.java:160)
	at org.junit.platform.engine.support.hierarchical.ThrowableCollector.execute(ThrowableCollector.java:73)
	at org.junit.platform.engine.support.hierarchical.NodeTestTask.lambda$executeRecursively$8(NodeTestTask.java:146)
	at org.junit.platform.engine.support.hierarchical.Node.around(Node.java:137)
	at org.junit.platform.engine.support.hierarchical.NodeTestTask.lambda$executeRecursively$9(NodeTestTask.java:144)
	at org.junit.platform.engine.support.hierarchical.ThrowableCollector.execute(ThrowableCollector.java:73)
	at org.junit.platform.engine.support.hierarchical.NodeTestTask.executeRecursively(NodeTestTask.java:143)
	at org.junit.platform.engine.support.hierarchical.NodeTestTask.execute(NodeTestTask.java:100)
	at org.junit.platform.engine.support.hierarchical.SameThreadHierarchicalTestExecutorService.submit(SameThreadHierarchicalTestExecutorService.java:35)
	at org.junit.platform.engine.support.hierarchical.HierarchicalTestExecutor.execute(HierarchicalTestExecutor.java:57)
	at org.junit.platform.engine.support.hierarchical.HierarchicalTestEngine.execute(HierarchicalTestEngine.java:54)
	at org.junit.platform.launcher.core.EngineExecutionOrchestrator.execute(EngineExecutionOrchestrator.java:201)
	at org.junit.platform.launcher.core.EngineExecutionOrchestrator.execute(EngineExecutionOrchestrator.java:170)
	at org.junit.platform.launcher.core.EngineExecutionOrchestrator.execute(EngineExecutionOrchestrator.java:94)
	at org.junit.platform.launcher.core.EngineExecutionOrchestrator.lambda$execute$0(EngineExecutionOrchestrator.java:59)
	at org.junit.platform.launcher.core.EngineExecutionOrchestrator.withInterceptedStreams(EngineExecutionOrchestrator.java:142)
	at org.junit.platform.launcher.core.EngineExecutionOrchestrator.execute(EngineExecutionOrchestrator.java:58)
	at org.junit.platform.launcher.core.DefaultLauncher.execute(DefaultLauncher.java:103)
	at org.junit.platform.launcher.core.DefaultLauncher.execute(DefaultLauncher.java:85)
	at org.junit.platform.launcher.core.DelegatingLauncher.execute(DelegatingLauncher.java:47)
	at org.junit.platform.launcher.core.InterceptingLauncher.lambda$execute$1(InterceptingLauncher.java:39)
	at org.junit.platform.launcher.core.ClasspathAlignmentCheckingLauncherInterceptor.intercept(ClasspathAlignmentCheckingLauncherInterceptor.java:25)
	at org.junit.platform.launcher.core.InterceptingLauncher.execute(InterceptingLauncher.java:38)
	at org.junit.platform.launcher.core.DelegatingLauncher.execute(DelegatingLauncher.java:47)
	at org.apache.maven.surefire.junitplatform.LauncherAdapter.executeWithoutCancellationToken(LauncherAdapter.java:60)
	at org.apache.maven.surefire.junitplatform.LauncherAdapter.execute(LauncherAdapter.java:52)
	at org.apache.maven.surefire.junitplatform.JUnitPlatformProvider.execute(JUnitPlatformProvider.java:203)
	at org.apache.maven.surefire.junitplatform.JUnitPlatformProvider.invokeAllTests(JUnitPlatformProvider.java:168)
	at org.apache.maven.surefire.junitplatform.JUnitPlatformProvider.invoke(JUnitPlatformProvider.java:136)
	at org.apache.maven.surefire.booter.ForkedBooter.runSuitesInProcess(ForkedBooter.java:385)
	at org.apache.maven.surefire.booter.ForkedBooter.execute(ForkedBooter.java:162)
	at org.apache.maven.surefire.booter.ForkedBooter.run(ForkedBooter.java:507)
	at org.apache.maven.surefire.booter.ForkedBooter.main(ForkedBooter.java:495)
Caused by: java.sql.SQLSyntaxErrorException: ORA-02268: referenced table does not have a primary key

https://docs.oracle.com/error-help/db/ora-02268/
	at oracle.jdbc.driver.T4CTTIoer11.processError(T4CTTIoer11.java:715)
	at oracle.jdbc.driver.T4CTTIoer11.processError(T4CTTIoer11.java:615)
	at oracle.jdbc.driver.T4C8Oall.processError(T4C8Oall.java:1372)
	at oracle.jdbc.driver.T4CTTIfun.receive(T4CTTIfun.java:969)
	at oracle.jdbc.driver.T4CTTIfun.doRPC(T4CTTIfun.java:237)
	at oracle.jdbc.driver.T4C8Oall.doOALL(T4C8Oall.java:524)
	at oracle.jdbc.driver.T4CStatement.doOall8(T4CStatement.java:192)
	at oracle.jdbc.driver.T4CStatement.executeForRows(T4CStatement.java:1401)
	at oracle.jdbc.driver.OracleStatement.executeSQLStatement(OracleStatement.java:2009)
	at oracle.jdbc.driver.OracleStatement.doExecuteWithTimeout(OracleStatement.java:1622)
	at oracle.jdbc.driver.OracleStatement.executeInternal(OracleStatement.java:2687)
	at oracle.jdbc.driver.OracleStatement.execute(OracleStatement.java:2636)
	at oracle.jdbc.driver.OracleStatementWrapper.execute(OracleStatementWrapper.java:337)
	at com.zaxxer.hikari.pool.ProxyStatement.execute(ProxyStatement.java:95)
	at com.zaxxer.hikari.pool.HikariProxyStatement.execute(HikariProxyStatement.java)
	at org.hibernate.tool.schema.internal.exec.GenerationTargetToDatabase.accept(GenerationTargetToDatabase.java:80)
	... 121 common frames omitted
Caused by: oracle.jdbc.OracleDatabaseException: ORA-02268: referenced table does not have a primary key

	at oracle.jdbc.driver.T4CTTIoer11.processError(T4CTTIoer11.java:723)
	... 136 common frames omitted
Hibernate: alter table regtx add constraint FK7qn8cd8q70ks5dktpbvcw3d0p foreign key (participant_id) references participants
&amp#27;[37m2026-06-03 15:29:54.420&amp#27;[0;39m |Service=&amp#27;[36m&amp#27;[0;39m|&amp#27;[31mWARN &amp#27;[0;39m| &amp#27;[36mo.h.t.s.i.ExceptionHandlerLoggedImpl:27&amp#27;[0;39m | ReqId=&amp#27;[35m&amp#27;[0;39m| &amp#27;[33mGenerationTarget encountered exception accepting command : Error executing DDL "alter table regtx add constraint FK7qn8cd8q70ks5dktpbvcw3d0p foreign key (participant_id) references participants" via JDBC [ORA-02268: referenced table does not have a primary key

https://docs.oracle.com/error-help/db/ora-02268/]
&amp#27;[0;39morg.hibernate.tool.schema.spi.CommandAcceptanceException: Error executing DDL "alter table regtx add constraint FK7qn8cd8q70ks5dktpbvcw3d0p foreign key (participant_id) references participants" via JDBC [ORA-02268: referenced table does not have a primary key

https://docs.oracle.com/error-help/db/ora-02268/]
	at org.hibernate.tool.schema.internal.exec.GenerationTargetToDatabase.accept(GenerationTargetToDatabase.java:94)
	at org.hibernate.tool.schema.internal.AbstractSchemaMigrator.applySqlString(AbstractSchemaMigrator.java:576)
	at org.hibernate.tool.schema.internal.AbstractSchemaMigrator.applySqlStrings(AbstractSchemaMigrator.java:516)
	at org.hibernate.tool.schema.internal.AbstractSchemaMigrator.applyForeignKeys(AbstractSchemaMigrator.java:448)
	at org.hibernate.tool.schema.internal.AbstractSchemaMigrator.performMigration(AbstractSchemaMigrator.java:269)
	at org.hibernate.tool.schema.internal.AbstractSchemaMigrator.doMigration(AbstractSchemaMigrator.java:112)
	at org.hibernate.tool.schema.spi.SchemaManagementToolCoordinator.performDatabaseAction(SchemaManagementToolCoordinator.java:280)
	at org.hibernate.tool.schema.spi.SchemaManagementToolCoordinator.lambda$process$5(SchemaManagementToolCoordinator.java:144)
	at java.base/java.util.HashMap.forEach(HashMap.java:1429)
	at org.hibernate.tool.schema.spi.SchemaManagementToolCoordinator.process(SchemaManagementToolCoordinator.java:141)
	at org.hibernate.boot.internal.SessionFactoryObserverForSchemaExport.sessionFactoryCreated(SessionFactoryObserverForSchemaExport.java:37)
	at org.hibernate.internal.SessionFactoryObserverChain.sessionFactoryCreated(SessionFactoryObserverChain.java:35)
	at org.hibernate.internal.SessionFactoryImpl.<init>(SessionFactoryImpl.java:324)
	at org.hibernate.boot.internal.SessionFactoryBuilderImpl.build(SessionFactoryBuilderImpl.java:463)
	at org.hibernate.jpa.boot.internal.EntityManagerFactoryBuilderImpl.build(EntityManagerFactoryBuilderImpl.java:1517)
	at org.springframework.orm.jpa.vendor.SpringHibernateJpaPersistenceProvider.createContainerEntityManagerFactory(SpringHibernateJpaPersistenceProvider.java:66)
	at org.springframework.orm.jpa.LocalContainerEntityManagerFactoryBean.createNativeEntityManagerFactory(LocalContainerEntityManagerFactoryBean.java:390)
	at org.springframework.orm.jpa.AbstractEntityManagerFactoryBean.buildNativeEntityManagerFactory(AbstractEntityManagerFactoryBean.java:419)
	at org.springframework.orm.jpa.AbstractEntityManagerFactoryBean.afterPropertiesSet(AbstractEntityManagerFactoryBean.java:400)
	at org.springframework.orm.jpa.LocalContainerEntityManagerFactoryBean.afterPropertiesSet(LocalContainerEntityManagerFactoryBean.java:366)
	at org.springframework.beans.factory.support.AbstractAutowireCapableBeanFactory.invokeInitMethods(AbstractAutowireCapableBeanFactory.java:1873)
	at org.springframework.beans.factory.support.AbstractAutowireCapableBeanFactory.initializeBean(AbstractAutowireCapableBeanFactory.java:1822)
	at org.springframework.beans.factory.support.AbstractAutowireCapableBeanFactory.doCreateBean(AbstractAutowireCapableBeanFactory.java:607)
	at org.springframework.beans.factory.support.AbstractAutowireCapableBeanFactory.createBean(AbstractAutowireCapableBeanFactory.java:529)
	at org.springframework.beans.factory.support.AbstractBeanFactory.lambda$doGetBean$0(AbstractBeanFactory.java:339)
	at org.springframework.beans.factory.support.DefaultSingletonBeanRegistry.getSingleton(DefaultSingletonBeanRegistry.java:373)
	at org.springframework.beans.factory.support.AbstractBeanFactory.doGetBean(AbstractBeanFactory.java:337)
	at org.springframework.beans.factory.support.AbstractBeanFactory.getBean(AbstractBeanFactory.java:207)
	at org.springframework.context.support.AbstractApplicationContext.finishBeanFactoryInitialization(AbstractApplicationContext.java:973)
	at org.springframework.context.support.AbstractApplicationContext.refresh(AbstractApplicationContext.java:627)
	at org.springframework.boot.SpringApplication.refresh(SpringApplication.java:752)
	at org.springframework.boot.SpringApplication.refreshContext(SpringApplication.java:439)
	at org.springframework.boot.SpringApplication.run(SpringApplication.java:318)
	at org.springframework.boot.test.context.SpringBootContextLoader.lambda$loadContext$3(SpringBootContextLoader.java:144)
	at org.springframework.util.function.ThrowingSupplier.get(ThrowingSupplier.java:58)
	at org.springframework.util.function.ThrowingSupplier.get(ThrowingSupplier.java:46)
	at org.springframework.boot.SpringApplication.withHook(SpringApplication.java:1461)
	at org.springframework.boot.test.context.SpringBootContextLoader$ContextLoaderHook.run(SpringBootContextLoader.java:563)
	at org.springframework.boot.test.context.SpringBootContextLoader.loadContext(SpringBootContextLoader.java:144)
	at org.springframework.boot.test.context.SpringBootContextLoader.loadContext(SpringBootContextLoader.java:110)
	at org.springframework.test.context.cache.DefaultCacheAwareContextLoaderDelegate.loadContextInternal(DefaultCacheAwareContextLoaderDelegate.java:225)
	at org.springframework.test.context.cache.DefaultCacheAwareContextLoaderDelegate.loadContext(DefaultCacheAwareContextLoaderDelegate.java:152)
	at org.springframework.test.context.support.DefaultTestContext.getApplicationContext(DefaultTestContext.java:130)
	at org.springframework.test.context.web.ServletTestExecutionListener.setUpRequestContextIfNecessary(ServletTestExecutionListener.java:200)
	at org.springframework.test.context.web.ServletTestExecutionListener.prepareTestInstance(ServletTestExecutionListener.java:139)
	at org.springframework.test.context.TestContextManager.prepareTestInstance(TestContextManager.java:260)
	at org.springframework.test.context.junit.jupiter.SpringExtension.postProcessTestInstance(SpringExtension.java:159)
	at org.junit.jupiter.engine.descriptor.ClassBasedTestDescriptor.lambda$invokeTestInstancePostProcessors$10(ClassBasedTestDescriptor.java:383)
	at org.junit.jupiter.engine.descriptor.ClassBasedTestDescriptor.executeAndMaskThrowable(ClassBasedTestDescriptor.java:388)
	at org.junit.jupiter.engine.descriptor.ClassBasedTestDescriptor.lambda$invokeTestInstancePostProcessors$11(ClassBasedTestDescriptor.java:382)
	at java.base/java.util.stream.ForEachOps$ForEachOp$OfRef.accept(ForEachOps.java:184)
	at java.base/java.util.stream.ReferencePipeline$3$1.accept(ReferencePipeline.java:197)
	at java.base/java.util.stream.ReferencePipeline$2$1.accept(ReferencePipeline.java:179)
	at java.base/java.util.stream.ReferencePipeline$3$1.accept(ReferencePipeline.java:197)
	at java.base/java.util.ArrayList$ArrayListSpliterator.forEachRemaining(ArrayList.java:1708)
	at java.base/java.util.stream.AbstractPipeline.copyInto(AbstractPipeline.java:509)
	at java.base/java.util.stream.AbstractPipeline.wrapAndCopyInto(AbstractPipeline.java:499)
	at java.base/java.util.stream.ForEachOps$ForEachOp.evaluateSequential(ForEachOps.java:151)
	at java.base/java.util.stream.ForEachOps$ForEachOp$OfRef.evaluateSequential(ForEachOps.java:174)
	at java.base/java.util.stream.AbstractPipeline.evaluate(AbstractPipeline.java:234)
	at java.base/java.util.stream.ReferencePipeline.forEach(ReferencePipeline.java:596)
	at org.junit.jupiter.engine.descriptor.ClassBasedTestDescriptor.invokeTestInstancePostProcessors(ClassBasedTestDescriptor.java:382)
	at org.junit.jupiter.engine.descriptor.ClassBasedTestDescriptor.lambda$instantiateAndPostProcessTestInstance$6(ClassBasedTestDescriptor.java:293)
	at org.junit.platform.engine.support.hierarchical.ThrowableCollector.execute(ThrowableCollector.java:73)
	at org.junit.jupiter.engine.descriptor.ClassBasedTestDescriptor.instantiateAndPostProcessTestInstance(ClassBasedTestDescriptor.java:292)
	at org.junit.jupiter.engine.descriptor.ClassBasedTestDescriptor.lambda$testInstancesProvider$4(ClassBasedTestDescriptor.java:281)
	at java.base/java.util.Optional.orElseGet(Optional.java:364)
	at org.junit.jupiter.engine.descriptor.ClassBasedTestDescriptor.lambda$testInstancesProvider$5(ClassBasedTestDescriptor.java:280)
	at org.junit.jupiter.engine.execution.TestInstancesProvider.getTestInstances(TestInstancesProvider.java:27)
	at org.junit.jupiter.engine.descriptor.TestMethodTestDescriptor.lambda$prepare$0(TestMethodTestDescriptor.java:112)
	at org.junit.platform.engine.support.hierarchical.ThrowableCollector.execute(ThrowableCollector.java:73)
	at org.junit.jupiter.engine.descriptor.TestMethodTestDescriptor.prepare(TestMethodTestDescriptor.java:111)
	at org.junit.jupiter.engine.descriptor.TestMethodTestDescriptor.prepare(TestMethodTestDescriptor.java:69)
	at org.junit.platform.engine.support.hierarchical.NodeTestTask.lambda$prepare$2(NodeTestTask.java:128)
	at org.junit.platform.engine.support.hierarchical.ThrowableCollector.execute(ThrowableCollector.java:73)
	at org.junit.platform.engine.support.hierarchical.NodeTestTask.prepare(NodeTestTask.java:128)
	at org.junit.platform.engine.support.hierarchical.NodeTestTask.execute(NodeTestTask.java:95)
	at java.base/java.util.ArrayList.forEach(ArrayList.java:1596)
	at org.junit.platform.engine.support.hierarchical.SameThreadHierarchicalTestExecutorService.invokeAll(SameThreadHierarchicalTestExecutorService.java:41)
	at org.junit.platform.engine.support.hierarchical.NodeTestTask.lambda$executeRecursively$6(NodeTestTask.java:160)
	at org.junit.platform.engine.support.hierarchical.ThrowableCollector.execute(ThrowableCollector.java:73)
	at org.junit.platform.engine.support.hierarchical.NodeTestTask.lambda$executeRecursively$8(NodeTestTask.java:146)
	at org.junit.platform.engine.support.hierarchical.Node.around(Node.java:137)
	at org.junit.platform.engine.support.hierarchical.NodeTestTask.lambda$executeRecursively$9(NodeTestTask.java:144)
	at org.junit.platform.engine.support.hierarchical.ThrowableCollector.execute(ThrowableCollector.java:73)
	at org.junit.platform.engine.support.hierarchical.NodeTestTask.executeRecursively(NodeTestTask.java:143)
	at org.junit.platform.engine.support.hierarchical.NodeTestTask.execute(NodeTestTask.java:100)
	at java.base/java.util.ArrayList.forEach(ArrayList.java:1596)
	at org.junit.platform.engine.support.hierarchical.SameThreadHierarchicalTestExecutorService.invokeAll(SameThreadHierarchicalTestExecutorService.java:41)
	at org.junit.platform.engine.support.hierarchical.NodeTestTask.lambda$executeRecursively$6(NodeTestTask.java:160)
	at org.junit.platform.engine.support.hierarchical.ThrowableCollector.execute(ThrowableCollector.java:73)
	at org.junit.platform.engine.support.hierarchical.NodeTestTask.lambda$executeRecursively$8(NodeTestTask.java:146)
	at org.junit.platform.engine.support.hierarchical.Node.around(Node.java:137)
	at org.junit.platform.engine.support.hierarchical.NodeTestTask.lambda$executeRecursively$9(NodeTestTask.java:144)
	at org.junit.platform.engine.support.hierarchical.ThrowableCollector.execute(ThrowableCollector.java:73)
	at org.junit.platform.engine.support.hierarchical.NodeTestTask.executeRecursively(NodeTestTask.java:143)
	at org.junit.platform.engine.support.hierarchical.NodeTestTask.execute(NodeTestTask.java:100)
	at org.junit.platform.engine.support.hierarchical.SameThreadHierarchicalTestExecutorService.submit(SameThreadHierarchicalTestExecutorService.java:35)
	at org.junit.platform.engine.support.hierarchical.HierarchicalTestExecutor.execute(HierarchicalTestExecutor.java:57)
	at org.junit.platform.engine.support.hierarchical.HierarchicalTestEngine.execute(HierarchicalTestEngine.java:54)
	at org.junit.platform.launcher.core.EngineExecutionOrchestrator.execute(EngineExecutionOrchestrator.java:201)
	at org.junit.platform.launcher.core.EngineExecutionOrchestrator.execute(EngineExecutionOrchestrator.java:170)
	at org.junit.platform.launcher.core.EngineExecutionOrchestrator.execute(EngineExecutionOrchestrator.java:94)
	at org.junit.platform.launcher.core.EngineExecutionOrchestrator.lambda$execute$0(EngineExecutionOrchestrator.java:59)
	at org.junit.platform.launcher.core.EngineExecutionOrchestrator.withInterceptedStreams(EngineExecutionOrchestrator.java:142)
	at org.junit.platform.launcher.core.EngineExecutionOrchestrator.execute(EngineExecutionOrchestrator.java:58)
	at org.junit.platform.launcher.core.DefaultLauncher.execute(DefaultLauncher.java:103)
	at org.junit.platform.launcher.core.DefaultLauncher.execute(DefaultLauncher.java:85)
	at org.junit.platform.launcher.core.DelegatingLauncher.execute(DelegatingLauncher.java:47)
	at org.junit.platform.launcher.core.InterceptingLauncher.lambda$execute$1(InterceptingLauncher.java:39)
	at org.junit.platform.launcher.core.ClasspathAlignmentCheckingLauncherInterceptor.intercept(ClasspathAlignmentCheckingLauncherInterceptor.java:25)
	at org.junit.platform.launcher.core.InterceptingLauncher.execute(InterceptingLauncher.java:38)
	at org.junit.platform.launcher.core.DelegatingLauncher.execute(DelegatingLauncher.java:47)
	at org.apache.maven.surefire.junitplatform.LauncherAdapter.executeWithoutCancellationToken(LauncherAdapter.java:60)
	at org.apache.maven.surefire.junitplatform.LauncherAdapter.execute(LauncherAdapter.java:52)
	at org.apache.maven.surefire.junitplatform.JUnitPlatformProvider.execute(JUnitPlatformProvider.java:203)
	at org.apache.maven.surefire.junitplatform.JUnitPlatformProvider.invokeAllTests(JUnitPlatformProvider.java:168)
	at org.apache.maven.surefire.junitplatform.JUnitPlatformProvider.invoke(JUnitPlatformProvider.java:136)
	at org.apache.maven.surefire.booter.ForkedBooter.runSuitesInProcess(ForkedBooter.java:385)
	at org.apache.maven.surefire.booter.ForkedBooter.execute(ForkedBooter.java:162)
	at org.apache.maven.surefire.booter.ForkedBooter.run(ForkedBooter.java:507)
	at org.apache.maven.surefire.booter.ForkedBooter.main(ForkedBooter.java:495)
Caused by: java.sql.SQLSyntaxErrorException: ORA-02268: referenced table does not have a primary key

https://docs.oracle.com/error-help/db/ora-02268/
	at oracle.jdbc.driver.T4CTTIoer11.processError(T4CTTIoer11.java:715)
	at oracle.jdbc.driver.T4CTTIoer11.processError(T4CTTIoer11.java:615)
	at oracle.jdbc.driver.T4C8Oall.processError(T4C8Oall.java:1372)
	at oracle.jdbc.driver.T4CTTIfun.receive(T4CTTIfun.java:969)
	at oracle.jdbc.driver.T4CTTIfun.doRPC(T4CTTIfun.java:237)
	at oracle.jdbc.driver.T4C8Oall.doOALL(T4C8Oall.java:524)
	at oracle.jdbc.driver.T4CStatement.doOall8(T4CStatement.java:192)
	at oracle.jdbc.driver.T4CStatement.executeForRows(T4CStatement.java:1401)
	at oracle.jdbc.driver.OracleStatement.executeSQLStatement(OracleStatement.java:2009)
	at oracle.jdbc.driver.OracleStatement.doExecuteWithTimeout(OracleStatement.java:1622)
	at oracle.jdbc.driver.OracleStatement.executeInternal(OracleStatement.java:2687)
	at oracle.jdbc.driver.OracleStatement.execute(OracleStatement.java:2636)
	at oracle.jdbc.driver.OracleStatementWrapper.execute(OracleStatementWrapper.java:337)
	at com.zaxxer.hikari.pool.ProxyStatement.execute(ProxyStatement.java:95)
	at com.zaxxer.hikari.pool.HikariProxyStatement.execute(HikariProxyStatement.java)
	at org.hibernate.tool.schema.internal.exec.GenerationTargetToDatabase.accept(GenerationTargetToDatabase.java:80)
	... 121 common frames omitted
Caused by: oracle.jdbc.OracleDatabaseException: ORA-02268: referenced table does not have a primary key

	at oracle.jdbc.driver.T4CTTIoer11.processError(T4CTTIoer11.java:723)
	... 136 common frames omitted
Hibernate: alter table regusers add constraint FK4ro5666pn2pmxn4qetjq7t5b7 foreign key (participant_id) references participants
&amp#27;[37m2026-06-03 15:29:54.460&amp#27;[0;39m |Service=&amp#27;[36m&amp#27;[0;39m|&amp#27;[31mWARN &amp#27;[0;39m| &amp#27;[36mo.h.t.s.i.ExceptionHandlerLoggedImpl:27&amp#27;[0;39m | ReqId=&amp#27;[35m&amp#27;[0;39m| &amp#27;[33mGenerationTarget encountered exception accepting command : Error executing DDL "alter table regusers add constraint FK4ro5666pn2pmxn4qetjq7t5b7 foreign key (participant_id) references participants" via JDBC [ORA-02268: referenced table does not have a primary key

https://docs.oracle.com/error-help/db/ora-02268/]
&amp#27;[0;39morg.hibernate.tool.schema.spi.CommandAcceptanceException: Error executing DDL "alter table regusers add constraint FK4ro5666pn2pmxn4qetjq7t5b7 foreign key (participant_id) references participants" via JDBC [ORA-02268: referenced table does not have a primary key

https://docs.oracle.com/error-help/db/ora-02268/]
	at org.hibernate.tool.schema.internal.exec.GenerationTargetToDatabase.accept(GenerationTargetToDatabase.java:94)
	at org.hibernate.tool.schema.internal.AbstractSchemaMigrator.applySqlString(AbstractSchemaMigrator.java:576)
	at org.hibernate.tool.schema.internal.AbstractSchemaMigrator.applySqlStrings(AbstractSchemaMigrator.java:516)
	at org.hibernate.tool.schema.internal.AbstractSchemaMigrator.applyForeignKeys(AbstractSchemaMigrator.java:448)
	at org.hibernate.tool.schema.internal.AbstractSchemaMigrator.performMigration(AbstractSchemaMigrator.java:269)
	at org.hibernate.tool.schema.internal.AbstractSchemaMigrator.doMigration(AbstractSchemaMigrator.java:112)
	at org.hibernate.tool.schema.spi.SchemaManagementToolCoordinator.performDatabaseAction(SchemaManagementToolCoordinator.java:280)
	at org.hibernate.tool.schema.spi.SchemaManagementToolCoordinator.lambda$process$5(SchemaManagementToolCoordinator.java:144)
	at java.base/java.util.HashMap.forEach(HashMap.java:1429)
	at org.hibernate.tool.schema.spi.SchemaManagementToolCoordinator.process(SchemaManagementToolCoordinator.java:141)
	at org.hibernate.boot.internal.SessionFactoryObserverForSchemaExport.sessionFactoryCreated(SessionFactoryObserverForSchemaExport.java:37)
	at org.hibernate.internal.SessionFactoryObserverChain.sessionFactoryCreated(SessionFactoryObserverChain.java:35)
	at org.hibernate.internal.SessionFactoryImpl.<init>(SessionFactoryImpl.java:324)
	at org.hibernate.boot.internal.SessionFactoryBuilderImpl.build(SessionFactoryBuilderImpl.java:463)
	at org.hibernate.jpa.boot.internal.EntityManagerFactoryBuilderImpl.build(EntityManagerFactoryBuilderImpl.java:1517)
	at org.springframework.orm.jpa.vendor.SpringHibernateJpaPersistenceProvider.createContainerEntityManagerFactory(SpringHibernateJpaPersistenceProvider.java:66)
	at org.springframework.orm.jpa.LocalContainerEntityManagerFactoryBean.createNativeEntityManagerFactory(LocalContainerEntityManagerFactoryBean.java:390)
	at org.springframework.orm.jpa.AbstractEntityManagerFactoryBean.buildNativeEntityManagerFactory(AbstractEntityManagerFactoryBean.java:419)
	at org.springframework.orm.jpa.AbstractEntityManagerFactoryBean.afterPropertiesSet(AbstractEntityManagerFactoryBean.java:400)
	at org.springframework.orm.jpa.LocalContainerEntityManagerFactoryBean.afterPropertiesSet(LocalContainerEntityManagerFactoryBean.java:366)
	at org.springframework.beans.factory.support.AbstractAutowireCapableBeanFactory.invokeInitMethods(AbstractAutowireCapableBeanFactory.java:1873)
	at org.springframework.beans.factory.support.AbstractAutowireCapableBeanFactory.initializeBean(AbstractAutowireCapableBeanFactory.java:1822)
	at org.springframework.beans.factory.support.AbstractAutowireCapableBeanFactory.doCreateBean(AbstractAutowireCapableBeanFactory.java:607)
	at org.springframework.beans.factory.support.AbstractAutowireCapableBeanFactory.createBean(AbstractAutowireCapableBeanFactory.java:529)
	at org.springframework.beans.factory.support.AbstractBeanFactory.lambda$doGetBean$0(AbstractBeanFactory.java:339)
	at org.springframework.beans.factory.support.DefaultSingletonBeanRegistry.getSingleton(DefaultSingletonBeanRegistry.java:373)
	at org.springframework.beans.factory.support.AbstractBeanFactory.doGetBean(AbstractBeanFactory.java:337)
	at org.springframework.beans.factory.support.AbstractBeanFactory.getBean(AbstractBeanFactory.java:207)
	at org.springframework.context.support.AbstractApplicationContext.finishBeanFactoryInitialization(AbstractApplicationContext.java:973)
	at org.springframework.context.support.AbstractApplicationContext.refresh(AbstractApplicationContext.java:627)
	at org.springframework.boot.SpringApplication.refresh(SpringApplication.java:752)
	at org.springframework.boot.SpringApplication.refreshContext(SpringApplication.java:439)
	at org.springframework.boot.SpringApplication.run(SpringApplication.java:318)
	at org.springframework.boot.test.context.SpringBootContextLoader.lambda$loadContext$3(SpringBootContextLoader.java:144)
	at org.springframework.util.function.ThrowingSupplier.get(ThrowingSupplier.java:58)
	at org.springframework.util.function.ThrowingSupplier.get(ThrowingSupplier.java:46)
	at org.springframework.boot.SpringApplication.withHook(SpringApplication.java:1461)
	at org.springframework.boot.test.context.SpringBootContextLoader$ContextLoaderHook.run(SpringBootContextLoader.java:563)
	at org.springframework.boot.test.context.SpringBootContextLoader.loadContext(SpringBootContextLoader.java:144)
	at org.springframework.boot.test.context.SpringBootContextLoader.loadContext(SpringBootContextLoader.java:110)
	at org.springframework.test.context.cache.DefaultCacheAwareContextLoaderDelegate.loadContextInternal(DefaultCacheAwareContextLoaderDelegate.java:225)
	at org.springframework.test.context.cache.DefaultCacheAwareContextLoaderDelegate.loadContext(DefaultCacheAwareContextLoaderDelegate.java:152)
	at org.springframework.test.context.support.DefaultTestContext.getApplicationContext(DefaultTestContext.java:130)
	at org.springframework.test.context.web.ServletTestExecutionListener.setUpRequestContextIfNecessary(ServletTestExecutionListener.java:200)
	at org.springframework.test.context.web.ServletTestExecutionListener.prepareTestInstance(ServletTestExecutionListener.java:139)
	at org.springframework.test.context.TestContextManager.prepareTestInstance(TestContextManager.java:260)
	at org.springframework.test.context.junit.jupiter.SpringExtension.postProcessTestInstance(SpringExtension.java:159)
	at org.junit.jupiter.engine.descriptor.ClassBasedTestDescriptor.lambda$invokeTestInstancePostProcessors$10(ClassBasedTestDescriptor.java:383)
	at org.junit.jupiter.engine.descriptor.ClassBasedTestDescriptor.executeAndMaskThrowable(ClassBasedTestDescriptor.java:388)
	at org.junit.jupiter.engine.descriptor.ClassBasedTestDescriptor.lambda$invokeTestInstancePostProcessors$11(ClassBasedTestDescriptor.java:382)
	at java.base/java.util.stream.ForEachOps$ForEachOp$OfRef.accept(ForEachOps.java:184)
	at java.base/java.util.stream.ReferencePipeline$3$1.accept(ReferencePipeline.java:197)
	at java.base/java.util.stream.ReferencePipeline$2$1.accept(ReferencePipeline.java:179)
	at java.base/java.util.stream.ReferencePipeline$3$1.accept(ReferencePipeline.java:197)
[...]
	at oracle.jdbc.driver.OracleStatement.execute(OracleStatement.java:2636)
	at oracle.jdbc.driver.OracleStatementWrapper.execute(OracleStatementWrapper.java:337)
	at com.zaxxer.hikari.pool.ProxyStatement.execute(ProxyStatement.java:95)
	at com.zaxxer.hikari.pool.HikariProxyStatement.execute(HikariProxyStatement.java)
	at org.hibernate.tool.schema.internal.exec.GenerationTargetToDatabase.accept(GenerationTargetToDatabase.java:80)
	... 121 common frames omitted
Caused by: oracle.jdbc.OracleDatabaseException: ORA-02268: referenced table does not have a primary key

	at oracle.jdbc.driver.T4CTTIoer11.processError(T4CTTIoer11.java:723)
	... 136 common frames omitted
&amp#27;[37m2026-06-03 15:29:54.593&amp#27;[0;39m |Service=&amp#27;[36m&amp#27;[0;39m|&amp#27;[34mINFO &amp#27;[0;39m| &amp#27;[36mo.s.o.j.LocalContainerEntityManagerFactoryBean:447&amp#27;[0;39m | ReqId=&amp#27;[35m&amp#27;[0;39m| &amp#27;[33mInitialized JPA EntityManagerFactory for persistence unit 'default'
&amp#27;[0;39m&amp#27;[37m2026-06-03 15:29:55.162&amp#27;[0;39m |Service=&amp#27;[36m&amp#27;[0;39m|&amp#27;[34mINFO &amp#27;[0;39m| &amp#27;[36mo.s.d.j.r.q.QueryEnhancerFactory:49&amp#27;[0;39m | ReqId=&amp#27;[35m&amp#27;[0;39m| &amp#27;[33mHibernate is in classpath; If applicable, HQL parser will be used.
&amp#27;[0;39m&amp#27;[37m2026-06-03 15:30:01.266&amp#27;[0;39m |Service=&amp#27;[36m&amp#27;[0;39m|&amp#27;[34mINFO &amp#27;[0;39m| &amp#27;[36mo.a.k.c.c.ConsumerConfig:371&amp#27;[0;39m | ReqId=&amp#27;[35m&amp#27;[0;39m| &amp#27;[33mConsumerConfig values: 
	allow.auto.create.topics = true
	auto.commit.interval.ms = 5000
	auto.include.jmx.reporter = true
	auto.offset.reset = earliest
	bootstrap.servers = [192.168.27.95:9092]
	check.crcs = true
	client.dns.lookup = use_all_dns_ips
	client.id = consumer-web-monitor-group-1
	client.rack = 
	connections.max.idle.ms = 540000
	default.api.timeout.ms = 60000
	enable.auto.commit = false
	enable.metrics.push = true
	exclude.internal.topics = true
	fetch.max.bytes = 52428800
	fetch.max.wait.ms = 500
	fetch.min.bytes = 1
	group.id = web-monitor-group
	group.instance.id = null
	group.protocol = classic
	group.remote.assignor = null
	heartbeat.interval.ms = 3000
	interceptor.classes = []
	internal.leave.group.on.close = true
	internal.throw.on.fetch.stable.offset.unsupported = false
	isolation.level = read_uncommitted
	key.deserializer = class org.apache.kafka.common.serialization.StringDeserializer
	max.partition.fetch.bytes = 1048576
	max.poll.interval.ms = 300000
	max.poll.records = 1
	metadata.max.age.ms = 300000
	metadata.recovery.strategy = none
	metric.reporters = []
	metrics.num.samples = 2
	metrics.recording.level = INFO
	metrics.sample.window.ms = 30000
	partition.assignment.strategy = [class org.apache.kafka.clients.consumer.RangeAssignor, class org.apache.kafka.clients.consumer.CooperativeStickyAssignor]
	receive.buffer.bytes = 65536
	reconnect.backoff.max.ms = 1000
	reconnect.backoff.ms = 50
	request.timeout.ms = 30000
	retry.backoff.max.ms = 1000
	retry.backoff.ms = 100
	sasl.client.callback.handler.class = null
	sasl.jaas.config = null
	sasl.kerberos.kinit.cmd = /usr/bin/kinit
	sasl.kerberos.min.time.before.relogin = 60000
	sasl.kerberos.service.name = null
	sasl.kerberos.ticket.renew.jitter = 0.05
	sasl.kerberos.ticket.renew.window.factor = 0.8
	sasl.login.callback.handler.class = null
	sasl.login.class = null
	sasl.login.connect.timeout.ms = null
	sasl.login.read.timeout.ms = null
	sasl.login.refresh.buffer.seconds = 300
	sasl.login.refresh.min.period.seconds = 60
	sasl.login.refresh.window.factor = 0.8
	sasl.login.refresh.window.jitter = 0.05
	sasl.login.retry.backoff.max.ms = 10000
	sasl.login.retry.backoff.ms = 100
	sasl.mechanism = GSSAPI
	sasl.oauthbearer.clock.skew.seconds = 30
	sasl.oauthbearer.expected.audience = null
	sasl.oauthbearer.expected.issuer = null
	sasl.oauthbearer.header.urlencode = false
	sasl.oauthbearer.jwks.endpoint.refresh.ms = 3600000
	sasl.oauthbearer.jwks.endpoint.retry.backoff.max.ms = 10000
	sasl.oauthbearer.jwks.endpoint.retry.backoff.ms = 100
	sasl.oauthbearer.jwks.endpoint.url = null
	sasl.oauthbearer.scope.claim.name = scope
	sasl.oauthbearer.sub.claim.name = sub
	sasl.oauthbearer.token.endpoint.url = null
	security.protocol = PLAINTEXT
	security.providers = null
	send.buffer.bytes = 131072
	session.timeout.ms = 45000
	socket.connection.setup.timeout.max.ms = 30000
	socket.connection.setup.timeout.ms = 10000
	ssl.cipher.suites = null
	ssl.enabled.protocols = [TLSv1.2, TLSv1.3]
	ssl.endpoint.identification.algorithm = https
	ssl.engine.factory.class = null
	ssl.key.password = null
	ssl.keymanager.algorithm = SunX509
	ssl.keystore.certificate.chain = null
	ssl.keystore.key = null
	ssl.keystore.location = null
	ssl.keystore.password = null
	ssl.keystore.type = JKS
	ssl.protocol = TLSv1.3
	ssl.provider = null
	ssl.secure.random.implementation = null
	ssl.trustmanager.algorithm = PKIX
	ssl.truststore.certificates = null
	ssl.truststore.location = null
	ssl.truststore.password = null
	ssl.truststore.type = JKS
	value.deserializer = class org.apache.kafka.common.serialization.StringDeserializer

&amp#27;[0;39m&amp#27;[37m2026-06-03 15:30:01.349&amp#27;[0;39m |Service=&amp#27;[36m&amp#27;[0;39m|&amp#27;[34mINFO &amp#27;[0;39m| &amp#27;[36mo.a.k.c.t.i.KafkaMetricsCollector:270&amp#27;[0;39m | ReqId=&amp#27;[35m&amp#27;[0;39m| &amp#27;[33minitializing Kafka metrics collector
&amp#27;[0;39m&amp#27;[37m2026-06-03 15:30:01.480&amp#27;[0;39m |Service=&amp#27;[36m&amp#27;[0;39m|&amp#27;[34mINFO &amp#27;[0;39m| &amp#27;[36mo.a.k.c.u.AppInfoParser:125&amp#27;[0;39m | ReqId=&amp#27;[35m&amp#27;[0;39m| &amp#27;[33mKafka version: 3.9.1
&amp#27;[0;39m&amp#27;[37m2026-06-03 15:30:01.480&amp#27;[0;39m |Service=&amp#27;[36m&amp#27;[0;39m|&amp#27;[34mINFO &amp#27;[0;39m| &amp#27;[36mo.a.k.c.u.AppInfoParser:126&amp#27;[0;39m | ReqId=&amp#27;[35m&amp#27;[0;39m| &amp#27;[33mKafka commitId: f745dfdcee2b9851
&amp#27;[0;39m&amp#27;[37m2026-06-03 15:30:01.480&amp#27;[0;39m |Service=&amp#27;[36m&amp#27;[0;39m|&amp#27;[34mINFO &amp#27;[0;39m| &amp#27;[36mo.a.k.c.u.AppInfoParser:127&amp#27;[0;39m | ReqId=&amp#27;[35m&amp#27;[0;39m| &amp#27;[33mKafka startTimeMs: 1780475401478
&amp#27;[0;39mHibernate: select tmld1_0.id,tmld1_0.autoid,tmld1_0.orgseqid,tmld1_0.status,tmld1_0.txdate from txmsglog_detail tmld1_0 order by tmld1_0.autoid desc fetch first ? rows only
&amp#27;[37m2026-06-03 15:30:01.938&amp#27;[0;39m |Service=&amp#27;[36m&amp#27;[0;39m|&amp#27;[34mINFO &amp#27;[0;39m| &amp#27;[36mc.e.w.s.KafkaMonitorService:108&amp#27;[0;39m | ReqId=&amp#27;[35m&amp#27;[0;39m| &amp#27;[33mInit cache latency: lastAutoId=0, currentDay=2026-06-03
&amp#27;[0;39m&amp#27;[37m2026-06-03 15:30:01.948&amp#27;[0;39m |Service=&amp#27;[36m&amp#27;[0;39m|&amp#27;[34mINFO &amp#27;[0;39m| &amp#27;[36mo.a.k.c.c.ConsumerConfig:371&amp#27;[0;39m | ReqId=&amp#27;[35m&amp#27;[0;39m| &amp#27;[33mConsumerConfig values: 
	allow.auto.create.topics = true
	auto.commit.interval.ms = 5000
	auto.include.jmx.reporter = true
	auto.offset.reset = earliest
	bootstrap.servers = [192.168.27.95:9092]
	check.crcs = true
	client.dns.lookup = use_all_dns_ips
	client.id = consumer-web-monitor-group-2
	client.rack = 
	connections.max.idle.ms = 540000
	default.api.timeout.ms = 60000
	enable.auto.commit = false
	enable.metrics.push = true
	exclude.internal.topics = true
	fetch.max.bytes = 52428800
	fetch.max.wait.ms = 500
	fetch.min.bytes = 1
	group.id = web-monitor-group
	group.instance.id = null
	group.protocol = classic
	group.remote.assignor = null
	heartbeat.interval.ms = 3000
	interceptor.classes = []
	internal.leave.group.on.close = true
	internal.throw.on.fetch.stable.offset.unsupported = false
	isolation.level = read_uncommitted
	key.deserializer = class org.apache.kafka.common.serialization.StringDeserializer
	max.partition.fetch.bytes = 1048576
	max.poll.interval.ms = 300000
	max.poll.records = 1
	metadata.max.age.ms = 300000
	metadata.recovery.strategy = none
	metric.reporters = []
	metrics.num.samples = 2
	metrics.recording.level = INFO
	metrics.sample.window.ms = 30000
	partition.assignment.strategy = [class org.apache.kafka.clients.consumer.RangeAssignor, class org.apache.kafka.clients.consumer.CooperativeStickyAssignor]
	receive.buffer.bytes = 65536
	reconnect.backoff.max.ms = 1000
	reconnect.backoff.ms = 50
	request.timeout.ms = 30000
	retry.backoff.max.ms = 1000
	retry.backoff.ms = 100
	sasl.client.callback.handler.class = null
	sasl.jaas.config = null
	sasl.kerberos.kinit.cmd = /usr/bin/kinit
	sasl.kerberos.min.time.before.relogin = 60000
	sasl.kerberos.service.name = null
	sasl.kerberos.ticket.renew.jitter = 0.05
	sasl.kerberos.ticket.renew.window.factor = 0.8
	sasl.login.callback.handler.class = null
	sasl.login.class = null
	sasl.login.connect.timeout.ms = null
	sasl.login.read.timeout.ms = null
	sasl.login.refresh.buffer.seconds = 300
	sasl.login.refresh.min.period.seconds = 60
	sasl.login.refresh.window.factor = 0.8
	sasl.login.refresh.window.jitter = 0.05
	sasl.login.retry.backoff.max.ms = 10000
	sasl.login.retry.backoff.ms = 100
	sasl.mechanism = GSSAPI
	sasl.oauthbearer.clock.skew.seconds = 30
	sasl.oauthbearer.expected.audience = null
	sasl.oauthbearer.expected.issuer = null
	sasl.oauthbearer.header.urlencode = false
	sasl.oauthbearer.jwks.endpoint.refresh.ms = 3600000
	sasl.oauthbearer.jwks.endpoint.retry.backoff.max.ms = 10000
	sasl.oauthbearer.jwks.endpoint.retry.backoff.ms = 100
	sasl.oauthbearer.jwks.endpoint.url = null
	sasl.oauthbearer.scope.claim.name = scope
	sasl.oauthbearer.sub.claim.name = sub
	sasl.oauthbearer.token.endpoint.url = null
	security.protocol = PLAINTEXT
	security.providers = null
	send.buffer.bytes = 131072
	session.timeout.ms = 45000
	socket.connection.setup.timeout.max.ms = 30000
	socket.connection.setup.timeout.ms = 10000
	ssl.cipher.suites = null
	ssl.enabled.protocols = [TLSv1.2, TLSv1.3]
	ssl.endpoint.identification.algorithm = https
	ssl.engine.factory.class = null
	ssl.key.password = null
	ssl.keymanager.algorithm = SunX509
	ssl.keystore.certificate.chain = null
	ssl.keystore.key = null
	ssl.keystore.location = null
	ssl.keystore.password = null
	ssl.keystore.type = JKS
	ssl.protocol = TLSv1.3
	ssl.provider = null
	ssl.secure.random.implementation = null
	ssl.trustmanager.algorithm = PKIX
	ssl.truststore.certificates = null
	ssl.truststore.location = null
	ssl.truststore.password = null
	ssl.truststore.type = JKS
	value.deserializer = class org.apache.kafka.common.serialization.StringDeserializer

&amp#27;[0;39m&amp#27;[37m2026-06-03 15:30:01.948&amp#27;[0;39m |Service=&amp#27;[36m&amp#27;[0;39m|&amp#27;[34mINFO &amp#27;[0;39m| &amp#27;[36mo.a.k.c.t.i.KafkaMetricsCollector:270&amp#27;[0;39m | ReqId=&amp#27;[35m&amp#27;[0;39m| &amp#27;[33minitializing Kafka metrics collector
&amp#27;[0;39m&amp#27;[37m2026-06-03 15:30:01.957&amp#27;[0;39m |Service=&amp#27;[36m&amp#27;[0;39m|&amp#27;[34mINFO &amp#27;[0;39m| &amp#27;[36mo.a.k.c.u.AppInfoParser:125&amp#27;[0;39m | ReqId=&amp#27;[35m&amp#27;[0;39m| &amp#27;[33mKafka version: 3.9.1
&amp#27;[0;39m&amp#27;[37m2026-06-03 15:30:01.957&amp#27;[0;39m |Service=&amp#27;[36m&amp#27;[0;39m|&amp#27;[34mINFO &amp#27;[0;39m| &amp#27;[36mo.a.k.c.u.AppInfoParser:126&amp#27;[0;39m | ReqId=&amp#27;[35m&amp#27;[0;39m| &amp#27;[33mKafka commitId: f745dfdcee2b9851
&amp#27;[0;39m&amp#27;[37m2026-06-03 15:30:01.957&amp#27;[0;39m |Service=&amp#27;[36m&amp#27;[0;39m|&amp#27;[34mINFO &amp#27;[0;39m| &amp#27;[36mo.a.k.c.u.AppInfoParser:127&amp#27;[0;39m | ReqId=&amp#27;[35m&amp#27;[0;39m| &amp#27;[33mKafka startTimeMs: 1780475401956
&amp#27;[0;39m&amp#27;[37m2026-06-03 15:30:02.829&amp#27;[0;39m |Service=&amp#27;[36m&amp#27;[0;39m|&amp#27;[31mWARN &amp#27;[0;39m| &amp#27;[36mo.s.b.a.o.j.JpaBaseConfiguration$JpaWebConfiguration:258&amp#27;[0;39m | ReqId=&amp#27;[35m&amp#27;[0;39m| &amp#27;[33mspring.jpa.open-in-view is enabled by default. Therefore, database queries may be performed during view rendering. Explicitly configure spring.jpa.open-in-view to disable this warning
&amp#27;[0;39m&amp#27;[37m2026-06-03 15:30:03.143&amp#27;[0;39m |Service=&amp#27;[36m&amp#27;[0;39m|&amp#27;[34mINFO &amp#27;[0;39m| &amp#27;[36mo.s.s.c.a.a.c.InitializeAuthenticationProviderBeanManagerConfigurer$InitializeAuthenticationProviderManagerConfigurer:80&amp#27;[0;39m | ReqId=&amp#27;[35m&amp#27;[0;39m| &amp#27;[33mGlobal AuthenticationManager configured with AuthenticationProvider bean with name customAuthenticationProvider
&amp#27;[0;39m&amp#27;[37m2026-06-03 15:30:03.146&amp#27;[0;39m |Service=&amp#27;[36m&amp#27;[0;39m|&amp#27;[31mWARN &amp#27;[0;39m| &amp#27;[36mo.s.s.c.a.a.c.InitializeUserDetailsBeanManagerConfigurer$InitializeUserDetailsManagerConfigurer:73&amp#27;[0;39m | ReqId=&amp#27;[35m&amp#27;[0;39m| &amp#27;[33mGlobal AuthenticationManager configured with an AuthenticationProvider bean. UserDetailsService beans will not be used by Spring Security for automatically configuring username/password login. Consider removing the AuthenticationProvider bean. Alternatively, consider using the UserDetailsService in a manually instantiated DaoAuthenticationProvider. If the current configuration is intentional, to turn off this warning, increase the logging level of 'org.springframework.security.config.annotation.authentication.configuration.InitializeUserDetailsBeanManagerConfigurer' to ERROR
&amp#27;[0;39m&amp#27;[37m2026-06-03 15:30:04.851&amp#27;[0;39m |Service=&amp#27;[36m&amp#27;[0;39m|&amp#27;[34mINFO &amp#27;[0;39m| &amp#27;[36mo.a.k.c.c.ConsumerConfig:371&amp#27;[0;39m | ReqId=&amp#27;[35m&amp#27;[0;39m| &amp#27;[33mConsumerConfig values: 
	allow.auto.create.topics = true
	auto.commit.interval.ms = 5000
	auto.include.jmx.reporter = true
	auto.offset.reset = earliest
	bootstrap.servers = [192.168.27.95:9092]
	check.crcs = true
	client.dns.lookup = use_all_dns_ips
	client.id = consumer-web-monitor-group-3
	client.rack = 
	connections.max.idle.ms = 540000
	default.api.timeout.ms = 60000
	enable.auto.commit = false
	enable.metrics.push = true
	exclude.internal.topics = true
	fetch.max.bytes = 52428800
	fetch.max.wait.ms = 500
	fetch.min.bytes = 1
	group.id = web-monitor-group
	group.instance.id = null
	group.protocol = classic
	group.remote.assignor = null
	heartbeat.interval.ms = 3000
	interceptor.classes = []
	internal.leave.group.on.close = true
	internal.throw.on.fetch.stable.offset.unsupported = false
	isolation.level = read_uncommitted
	key.deserializer = class org.apache.kafka.common.serialization.StringDeserializer
	max.partition.fetch.bytes = 1048576
	max.poll.interval.ms = 300000
	max.poll.records = 1
	metadata.max.age.ms = 300000
	metadata.recovery.strategy = none
	metric.reporters = []
	metrics.num.samples = 2
	metrics.recording.level = INFO
	metrics.sample.window.ms = 30000
	partition.assignment.strategy = [class org.apache.kafka.clients.consumer.RangeAssignor, class org.apache.kafka.clients.consumer.CooperativeStickyAssignor]
	receive.buffer.bytes = 65536
	reconnect.backoff.max.ms = 1000
	reconnect.backoff.ms = 50
	request.timeout.ms = 30000
	retry.backoff.max.ms = 1000
	retry.backoff.ms = 100
	sasl.client.callback.handler.class = null
	sasl.jaas.config = null
	sasl.kerberos.kinit.cmd = /usr/bin/kinit
	sasl.kerberos.min.time.before.relogin = 60000
	sasl.kerberos.service.name = null
	sasl.kerberos.ticket.renew.jitter = 0.05
	sasl.kerberos.ticket.renew.window.factor = 0.8
	sasl.login.callback.handler.class = null
	sasl.login.class = null
	sasl.login.connect.timeout.ms = null
	sasl.login.read.timeout.ms = null
	sasl.login.refresh.buffer.seconds = 300
	sasl.login.refresh.min.period.seconds = 60
	sasl.login.refresh.window.factor = 0.8
	sasl.login.refresh.window.jitter = 0.05
	sasl.login.retry.backoff.max.ms = 10000
	sasl.login.retry.backoff.ms = 100
	sasl.mechanism = GSSAPI
	sasl.oauthbearer.clock.skew.seconds = 30
	sasl.oauthbearer.expected.audience = null
	sasl.oauthbearer.expected.issuer = null
	sasl.oauthbearer.header.urlencode = false
	sasl.oauthbearer.jwks.endpoint.refresh.ms = 3600000
	sasl.oauthbearer.jwks.endpoint.retry.backoff.max.ms = 10000
	sasl.oauthbearer.jwks.endpoint.retry.backoff.ms = 100
	sasl.oauthbearer.jwks.endpoint.url = null
	sasl.oauthbearer.scope.claim.name = scope
	sasl.oauthbearer.sub.claim.name = sub
	sasl.oauthbearer.token.endpoint.url = null
	security.protocol = PLAINTEXT
	security.providers = null
	send.buffer.bytes = 131072
	session.timeout.ms = 45000
	socket.connection.setup.timeout.max.ms = 30000
	socket.connection.setup.timeout.ms = 10000
	ssl.cipher.suites = null
	ssl.enabled.protocols = [TLSv1.2, TLSv1.3]
	ssl.endpoint.identification.algorithm = https
	ssl.engine.factory.class = null
	ssl.key.password = null
	ssl.keymanager.algorithm = SunX509
	ssl.keystore.certificate.chain = null
	ssl.keystore.key = null
	ssl.keystore.location = null
	ssl.keystore.password = null
	ssl.keystore.type = JKS
	ssl.protocol = TLSv1.3
	ssl.provider = null
	ssl.secure.random.implementation = null
	ssl.trustmanager.algorithm = PKIX
	ssl.truststore.certificates = null
	ssl.truststore.location = null
	ssl.truststore.password = null
	ssl.truststore.type = JKS
	value.deserializer = class org.apache.kafka.common.serialization.StringDeserializer

&amp#27;[0;39m&amp#27;[37m2026-06-03 15:30:04.851&amp#27;[0;39m |Service=&amp#27;[36m&amp#27;[0;39m|&amp#27;[34mINFO &amp#27;[0;39m| &amp#27;[36mo.a.k.c.t.i.KafkaMetricsCollector:270&amp#27;[0;39m | ReqId=&amp#27;[35m&amp#27;[0;39m| &amp#27;[33minitializing Kafka metrics collector
&amp#27;[0;39m&amp#27;[37m2026-06-03 15:30:04.860&amp#27;[0;39m |Service=&amp#27;[36m&amp#27;[0;39m|&amp#27;[34mINFO &amp#27;[0;39m| &amp#27;[36mo.a.k.c.u.AppInfoParser:125&amp#27;[0;39m | ReqId=&amp#27;[35m&amp#27;[0;39m| &amp#27;[33mKafka version: 3.9.1
&amp#27;[0;39m&amp#27;[37m2026-06-03 15:30:04.860&amp#27;[0;39m |Service=&amp#27;[36m&amp#27;[0;39m|&amp#27;[34mINFO &amp#27;[0;39m| &amp#27;[36mo.a.k.c.u.AppInfoParser:126&amp#27;[0;39m | ReqId=&amp#27;[35m&amp#27;[0;39m| &amp#27;[33mKafka commitId: f745dfdcee2b9851
&amp#27;[0;39m&amp#27;[37m2026-06-03 15:30:04.860&amp#27;[0;39m |Service=&amp#27;[36m&amp#27;[0;39m|&amp#27;[34mINFO &amp#27;[0;39m| &amp#27;[36mo.a.k.c.u.AppInfoParser:127&amp#27;[0;39m | ReqId=&amp#27;[35m&amp#27;[0;39m| &amp#27;[33mKafka startTimeMs: 1780475404860
&amp#27;[0;39m&amp#27;[37m2026-06-03 15:30:04.863&amp#27;[0;39m |Service=&amp#27;[36m&amp#27;[0;39m|&amp#27;[34mINFO &amp#27;[0;39m| &amp#27;[36mo.a.k.c.c.i.ClassicKafkaConsumer:481&amp#27;[0;39m | ReqId=&amp#27;[35m&amp#27;[0;39m| &amp#27;[33m[Consumer clientId=consumer-web-monitor-group-3, groupId=web-monitor-group] Subscribed to topic(s): CoreReport
&amp#27;[0;39m&amp#27;[37m2026-06-03 15:30:04.902&amp#27;[0;39m |Service=&amp#27;[36m&amp#27;[0;39m|&amp#27;[34mINFO &amp#27;[0;39m| &amp#27;[36mc.e.w.WebMonitorApplicationTests:59&amp#27;[0;39m | ReqId=&amp#27;[35m&amp#27;[0;39m| &amp#27;[33mStarted WebMonitorApplicationTests in 33.989 seconds (process running for 38.615)
&amp#27;[0;39mHibernate: select re1_0.id,re1_0.name from app_roles re1_0 where re1_0.name=?
Hibernate: select ue1_0.id,ue1_0.email,ue1_0.enabled,ue1_0.notes,ue1_0.password,ue1_0.role_id,ue1_0.username from app_users ue1_0 where ue1_0.username=?
]]></system-out>
    <system-err><![CDATA[15:29:31,698 |-WARN in ch.qos.logback.core.model.processor.AppenderModelHandler - Appender named [STDOUT_JSON] not referenced. Skipping further processing.
15:29:31,853 |-WARN in ch.qos.logback.core.model.processor.AppenderModelHandler - Appender named [ASYNC_JSON] not referenced. Skipping further processing.
]]></system-err>
  </testcase>
</testsuite>